---- Diagnostic Log Start 2026-02-02 01:52:53 ----
---- Diagnostic Log Start 2026-02-02 01:53:02 ----
[01:53:21.162] Bullet OnHitNPC. projId=1 target=Target Dummy damage=18
[01:53:21.562] Bullet OnHitNPC. projId=0 target=Target Dummy damage=18
[01:53:21.829] Bullet OnHitNPC. projId=0 target=Target Dummy damage=18
[01:53:22.223] Bullet OnHitNPC. projId=0 target=Target Dummy damage=18
[01:53:22.628] Bullet OnHitNPC. projId=0 target=Target Dummy damage=18
[01:53:22.762] Bullet OnHitNPC. projId=0 target=Target Dummy damage=18
[01:53:22.895] Bullet OnHitNPC. projId=0 target=Target Dummy damage=18
[01:53:23.029] Bullet OnHitNPC. projId=0 target=Target Dummy damage=18
[01:53:40.944] Bullet OnHitNPC. projId=0 target=Target Dummy damage=28
[01:53:41.173] Bullet OnHitNPC. projId=0 target=Target Dummy damage=28
[01:55:31.144] Bullet OnHitNPC. projId=0 target=Green Slime damage=28
[01:58:52.910] Bullet OnHitNPC. projId=0 target=Target Dummy damage=33
[01:59:01.195] Bullet OnHitNPC. projId=0 target=Blue Slime damage=145
[01:59:01.243] Bullet OnHitNPC. projId=0 target=Blue Slime damage=35
[01:59:02.359] Bullet OnHitNPC. projId=0 target=Blue Slime damage=35
[01:59:02.426] Bullet OnHitNPC. projId=0 target=Target Dummy damage=38
[01:59:03.413] Bullet OnHitNPC. projId=0 target=Blue Slime damage=38
[01:59:03.462] Bullet OnHitNPC. projId=0 target=Blue Slime damage=38
[01:59:04.213] Bullet OnHitNPC. projId=0 target=Target Dummy damage=40
[01:59:04.959] Bullet OnHitNPC. projId=0 target=Target Dummy damage=81
[01:59:05.547] Bullet OnHitNPC. projId=0 target=Target Dummy damage=40
[01:59:05.595] Bullet OnHitNPC. projId=0 target=Target Dummy damage=40
[01:59:06.110] Bullet OnHitNPC. projId=0 target=Target Dummy damage=40
[01:59:06.159] Bullet OnHitNPC. projId=0 target=Target Dummy damage=40
[01:59:09.995] Bullet OnHitNPC. projId=0 target=Target Dummy damage=33
[01:59:10.559] Bullet OnHitNPC. projId=0 target=Target Dummy damage=33
[01:59:10.614] Bullet OnHitNPC. projId=0 target=Target Dummy damage=33
[01:59:12.577] Bullet OnHitNPC. projId=0 target=Target Dummy damage=33
[01:59:12.626] Bullet OnHitNPC. projId=0 target=Target Dummy damage=33
---- Diagnostic Log Start 2026-02-02 02:01:29 ----
[02:01:41.570] Bullet OnHitNPC. projId=1 target=Target Dummy damage=18
[02:01:41.703] Bullet OnHitNPC. projId=0 target=Target Dummy damage=18
[02:01:41.837] Bullet OnHitNPC. projId=0 target=Target Dummy damage=18
[02:01:42.770] Bullet OnHitNPC. projId=0 target=Target Dummy damage=18
[02:01:42.957] Bullet OnHitNPC. projId=0 target=Target Dummy damage=18
[02:01:43.139] Bullet OnHitNPC. projId=0 target=Target Dummy damage=18
[02:01:43.291] Bullet OnHitNPC. projId=0 target=Target Dummy damage=18
[02:01:43.436] Bullet OnHitNPC. projId=0 target=Target Dummy damage=18
[02:01:43.570] Bullet OnHitNPC. projId=0 target=Target Dummy damage=18
[02:01:43.757] Bullet OnHitNPC. projId=0 target=Target Dummy damage=18
---- Diagnostic Log Start 2026-02-02 02:11:36 ----
---- Diagnostic Log Start 2026-02-02 02:18:28 ----
[02:19:04.848] Bullet OnHitNPC. projId=0 target=Target Dummy damage=18
[02:19:05.247] Bullet OnHitNPC. projId=0 target=Target Dummy damage=18
[02:19:05.381] Bullet OnHitNPC. projId=0 target=Target Dummy damage=18
[02:19:21.084] Bullet OnHitNPC. projId=1 target=Target Dummy damage=18
[02:19:21.180] Bullet OnHitNPC. projId=1 target=Target Dummy damage=18
[02:19:21.902] Bullet OnHitNPC. projId=0 target=Green Slime damage=18
[02:19:21.999] Bullet OnHitNPC. projId=0 target=Green Slime damage=18
[02:19:23.350] Bullet OnHitNPC. projId=0 target=Green Slime damage=9
[02:19:26.581] Bullet OnHitNPC. projId=0 target=Blue Slime damage=57
[02:19:27.035] Bullet OnHitNPC. projId=0 target=Target Dummy damage=32
[02:19:30.313] Bullet OnHitNPC. projId=1 target=Green Slime damage=18
[02:19:31.368] Bullet OnHitNPC. projId=0 target=Green Slime damage=18
---- Diagnostic Log Start 2026-02-02 02:21:48 ----
[02:21:55.821] Bullet OnHitNPC. projId=0 target=Target Dummy damage=28
[02:22:00.669] Bullet OnHitNPC. projId=0 target=Target Dummy damage=28
---- Diagnostic Log Start 2026-02-02 02:24:44 ----
---- Diagnostic Log Start 2026-02-02 02:27:13 ----
---- Diagnostic Log Start 2026-02-02 02:28:10 ----
---- Diagnostic Log Start 2026-02-02 02:30:27 ----
[02:30:43.824] Bullet OnHitNPC. projId=0 target=Target Dummy damage=28
---- Diagnostic Log Start 2026-02-02 02:38:40 ----
---- Diagnostic Log Start 2026-02-02 02:38:48 ----
[02:38:57.579] Bullet OnHitNPC. projId=0 target=Target Dummy damage=28
[02:38:57.826] Bullet OnHitNPC. projId=0 target=Target Dummy damage=28
---- Diagnostic Log Start 2026-02-02 02:43:17 ----
[02:43:31.582] Bullet OnHitNPC. projId=1 target=Green Slime damage=27
[02:43:33.600] Bullet OnHitNPC. projId=1 target=Green Slime damage=9
[02:43:42.620] EyesUp hook triggered: GetHealLife Player=0
[02:43:42.620] EyesUp stacks GRANTED! Added=7 OldTotal=0 NewTotal=7 Frame=851
[02:43:42.625] EyesUp hook triggered: GetHealLife Player=0
[02:43:42.626] EyesUp grant skipped (already granted this frame). Frame=851
[02:43:42.632] EyesUp hook triggered: GetHealLife Player=0
[02:43:42.632] EyesUp grant skipped (already granted this frame). Frame=851
[02:43:45.951] Bullet OnHitNPC. projId=0 target=Green Slime damage=29
[02:43:52.267] Bullet OnHitNPC. projId=0 target=Target Dummy damage=36
[02:43:52.369] Bullet OnHitNPC. projId=0 target=Target Dummy damage=18
[02:43:52.466] Bullet OnHitNPC. projId=0 target=Target Dummy damage=18
[02:43:58.599] Bullet OnHitNPC. projId=1 target=Green Slime damage=13
[02:44:09.485] Bullet OnHitNPC. projId=0 target=Target Dummy damage=32
[02:44:09.533] Bullet OnHitNPC. projId=0 target=Target Dummy damage=32
[02:44:10.769] Bullet OnHitNPC. projId=1 target=Green Slime damage=32
[02:44:11.266] Bullet OnHitNPC. projId=0 target=Target Dummy damage=32
[02:44:11.315] Bullet OnHitNPC. projId=0 target=Target Dummy damage=32
[02:44:12.084] Bullet OnHitNPC. projId=0 target=Target Dummy damage=32
[02:44:27.466] Bullet OnHitNPC. projId=0 target=Target Dummy damage=31
[02:44:29.502] Bullet OnHitNPC. projId=0 target=Green Slime damage=32
[02:44:34.035] Bullet OnHitNPC. projId=0 target=Green Slime damage=32
[02:44:34.750] Bullet OnHitNPC. projId=0 target=Blue Slime damage=16
[02:44:36.332] Bullet OnHitNPC. projId=0 target=Green Slime damage=31
---- Diagnostic Log Start 2026-02-02 02:48:12 ----
[02:48:20.089] Bullet OnHitNPC. projId=0 target=Target Dummy damage=28
[02:48:20.319] Bullet OnHitNPC. projId=0 target=Target Dummy damage=28
[02:48:23.088] Bullet OnHitNPC. projId=0 target=Blue Slime damage=28
[02:48:24.506] Bullet OnHitNPC. projId=0 target=Blue Slime damage=28
---- Diagnostic Log Start 2026-02-02 02:52:31 ----
[02:52:39.232] Bullet OnHitNPC. projId=1 target=Target Dummy damage=28
[02:52:39.431] Bullet OnHitNPC. projId=0 target=Target Dummy damage=28
[02:52:40.013] Bullet OnHitNPC. projId=0 target=Target Dummy damage=28
[02:52:40.377] Bullet OnHitNPC. projId=0 target=Target Dummy damage=28
[02:52:40.765] Bullet OnHitNPC. projId=0 target=Target Dummy damage=28
[02:52:41.080] Bullet OnHitNPC. projId=0 target=Target Dummy damage=28
[02:52:43.546] Bullet OnHitNPC. projId=0 target=Target Dummy damage=28
[02:52:43.880] Bullet OnHitNPC. projId=0 target=Target Dummy damage=28
[02:52:44.231] Bullet OnHitNPC. projId=0 target=Target Dummy damage=28
[02:52:44.498] Bullet OnHitNPC. projId=0 target=Target Dummy damage=28
[02:52:45.164] Bullet OnHitNPC. projId=0 target=Target Dummy damage=18
[02:52:45.565] Bullet OnHitNPC. projId=1 target=Target Dummy damage=18
[02:52:46.310] Bullet OnHitNPC. projId=0 target=Target Dummy damage=18
[02:52:46.443] Bullet OnHitNPC. projId=0 target=Target Dummy damage=18
[02:52:46.576] Bullet OnHitNPC. projId=0 target=Target Dummy damage=18
[02:52:46.728] Bullet OnHitNPC. projId=0 target=Target Dummy damage=18
[02:53:00.431] Bullet OnHitNPC. projId=0 target=Target Dummy damage=32
[02:53:01.746] Bullet OnHitNPC. projId=0 target=Blue Slime damage=57
---- Diagnostic Log Start 2026-02-02 02:57:23 ----
[02:57:29.708] Bullet OnHitNPC. projId=0 target=Target Dummy damage=28
[02:57:32.841] Bullet OnHitNPC. projId=0 target=Target Dummy damage=28
[02:57:33.071] Bullet OnHitNPC. projId=0 target=Target Dummy damage=28
[02:57:34.308] Bullet OnHitNPC. projId=0 target=Target Dummy damage=18
[02:57:34.441] Bullet OnHitNPC. projId=0 target=Target Dummy damage=18
[02:57:40.126] Bullet OnHitNPC. projId=0 target=Target Dummy damage=64
[02:57:41.956] Bullet OnHitNPC. projId=0 target=Target Dummy damage=32
---- Diagnostic Log Start 2026-02-02 02:59:45 ----
[02:59:57.611] Bullet OnHitNPC. projId=0 target=Target Dummy damage=32
[02:59:58.040] Bullet OnHitNPC. projId=0 target=Target Dummy damage=32
---- Diagnostic Log Start 2026-02-02 03:01:56 ----
---- Diagnostic Log Start 2026-02-02 03:05:07 ----
[03:05:19.584] Bullet OnHitNPC. projId=0 target=Target Dummy damage=32
[03:05:20.184] Bullet OnHitNPC. projId=0 target=Target Dummy damage=32
[03:05:27.566] Bullet OnHitNPC. projId=0 target=Green Slime damage=32
[03:05:38.682] Bullet OnHitNPC. projId=0 target=Blue Slime damage=28
[03:05:38.996] Bullet OnHitNPC. projId=0 target=Blue Slime damage=28
[03:05:40.395] Bullet OnHitNPC. projId=0 target=Blue Slime damage=14
[03:05:40.650] Bullet OnHitNPC. projId=0 target=Blue Slime damage=14
[03:05:40.917] Bullet OnHitNPC. projId=0 target=Blue Slime damage=27
---- Diagnostic Log Start 2026-02-02 03:09:39 ----
[03:09:47.724] Bullet OnHitNPC. projId=0 target=Target Dummy damage=18
[03:10:04.977] Bullet OnHitNPC. projId=0 target=Target Dummy damage=18
[03:10:05.091] Bullet OnHitNPC. projId=0 target=Target Dummy damage=18
[03:10:06.025] Bullet OnHitNPC. projId=0 target=Target Dummy damage=32
[03:10:10.777] Bullet OnHitNPC. projId=1 target=Green Slime damage=9
[03:10:14.988] Bullet OnHitNPC. projId=0 target=Target Dummy damage=32
[03:10:16.826] Bullet OnHitNPC. projId=0 target=Green Slime damage=25
---- Diagnostic Log Start 2026-02-02 03:11:36 ----
[03:11:43.405] Bullet OnHitNPC. projId=1 target=Target Dummy damage=28
[03:11:43.635] Bullet OnHitNPC. projId=0 target=Target Dummy damage=28
[03:11:43.956] Bullet OnHitNPC. projId=0 target=Target Dummy damage=28
[03:11:44.223] Bullet OnHitNPC. projId=0 target=Target Dummy damage=28
[03:11:49.568] Bullet OnHitNPC. projId=1 target=Blue Slime damage=42
[03:12:00.253] Bullet OnHitNPC. projId=0 target=Blue Slime damage=17
[03:12:01.538] Bullet OnHitNPC. projId=0 target=Green Slime damage=9
[03:12:03.489] Bullet OnHitNPC. projId=0 target=Green Slime damage=28
---- Diagnostic Log Start 2026-02-02 03:13:59 ----
---- Diagnostic Log Start 2026-02-02 03:19:06 ----
[03:19:15.991] Bullet OnHitNPC. projId=0 target=Target Dummy damage=32
---- Diagnostic Log Start 2026-02-02 03:21:24 ----
[03:21:50.365] Bullet OnHitNPC. projId=0 target=Target Dummy damage=32
[03:21:50.935] Bullet OnHitNPC. projId=0 target=Target Dummy damage=32
[03:21:51.516] Bullet OnHitNPC. projId=0 target=Target Dummy damage=32
[03:21:52.116] Bullet OnHitNPC. projId=0 target=Target Dummy damage=64
[03:21:52.717] Bullet OnHitNPC. projId=0 target=Target Dummy damage=32
[03:21:53.298] Bullet OnHitNPC. projId=0 target=Target Dummy damage=64
[03:21:53.849] Bullet OnHitNPC. projId=0 target=Target Dummy damage=32
[03:21:54.401] Bullet OnHitNPC. projId=0 target=Target Dummy damage=32
[03:21:58.285] Bullet OnHitNPC. projId=0 target=Target Dummy damage=32
[03:21:58.819] Bullet OnHitNPC. projId=0 target=Target Dummy damage=32
[03:22:13.517] Bullet OnHitNPC. projId=0 target=Green Slime damage=21
[03:22:13.954] Bullet OnHitNPC. projId=0 target=Green Slime damage=37
[03:22:16.152] Bullet OnHitNPC. projId=1 target=Blue Slime damage=18
[03:22:16.285] Bullet OnHitNPC. projId=0 target=Blue Slime damage=18
[03:22:16.982] Bullet OnHitNPC. projId=1 target=Blue Slime damage=31
[03:22:17.067] Bullet OnHitNPC. projId=0 target=Pinky damage=31
[03:22:17.219] Bullet OnHitNPC. projId=0 target=Pinky damage=18
[03:22:17.352] Bullet OnHitNPC. projId=0 target=Pinky damage=18
[03:22:17.534] Bullet OnHitNPC. projId=0 target=Blue Slime damage=17
[03:22:17.601] Bullet OnHitNPC. projId=0 target=Blue Slime damage=18
[03:22:17.934] Bullet OnHitNPC. projId=1 target=Target Dummy damage=15
[03:22:20.419] Bullet OnHitNPC. projId=0 target=Pinky damage=28
[03:22:20.667] Bullet OnHitNPC. projId=0 target=Blue Slime damage=42
[03:22:22.219] Bullet OnHitNPC. projId=0 target=Target Dummy damage=28
[03:22:22.534] Bullet OnHitNPC. projId=0 target=Pinky damage=28
[03:22:22.904] Bullet OnHitNPC. projId=0 target=Pinky damage=28
[03:22:23.249] Bullet OnHitNPC. projId=0 target=Pinky damage=28
[03:22:23.582] Bullet OnHitNPC. projId=0 target=Pinky damage=28
[03:22:23.916] Bullet OnHitNPC. projId=0 target=Pinky damage=28
[03:22:24.237] Bullet OnHitNPC. projId=0 target=Pinky damage=28
[03:22:24.637] Bullet OnHitNPC. projId=0 target=Target Dummy damage=28
[03:22:25.407] Bullet OnHitNPC. projId=0 target=Pinky damage=56
---- Diagnostic Log Start 2026-02-02 03:25:01 ----
[03:25:09.630] Bullet OnHitNPC. projId=0 target=Target Dummy damage=18
[03:25:09.763] Bullet OnHitNPC. projId=0 target=Target Dummy damage=18
[03:25:10.945] Bullet OnHitNPC. projId=0 target=Target Dummy damage=32
[03:25:16.278] Bullet OnHitNPC. projId=0 target=Target Dummy damage=32
---- Diagnostic Log Start 2026-02-02 03:27:46 ----
[03:27:56.532] Bullet OnHitNPC. projId=0 target=Target Dummy damage=32
[03:27:57.016] Bullet OnHitNPC. projId=0 target=Target Dummy damage=32
[03:27:57.901] Bullet OnHitNPC. projId=0 target=Target Dummy damage=18
[03:28:03.483] Bullet OnHitNPC. projId=0 target=Target Dummy damage=64
[03:28:06.580] Bullet OnHitNPC. projId=0 target=Target Dummy damage=32
---- Diagnostic Log Start 2026-02-02 03:34:11 ----
[03:34:20.464] Bullet OnHitNPC. projId=0 target=Target Dummy damage=28
[03:34:20.779] Bullet OnHitNPC. projId=0 target=Target Dummy damage=28
[03:34:27.426] Bullet OnHitNPC. projId=0 target=Target Dummy damage=18
[03:34:30.378] Bullet OnHitNPC. projId=0 target=Target Dummy damage=18
[03:34:30.474] Bullet OnHitNPC. projId=0 target=Target Dummy damage=18
[03:34:30.577] Bullet OnHitNPC. projId=0 target=Target Dummy damage=18
[03:34:30.675] Bullet OnHitNPC. projId=0 target=Target Dummy damage=18
[03:34:30.977] Bullet OnHitNPC. projId=2 target=Target Dummy damage=18
[03:34:31.474] Bullet OnHitNPC. projId=1 target=Target Dummy damage=18
[03:34:31.674] Bullet OnHitNPC. projId=0 target=Target Dummy damage=18
[03:34:31.777] Bullet OnHitNPC. projId=0 target=Target Dummy damage=18
[03:34:31.874] Bullet OnHitNPC. projId=0 target=Target Dummy damage=18
[03:34:31.977] Bullet OnHitNPC. projId=0 target=Target Dummy damage=36
[03:34:32.177] Bullet OnHitNPC. projId=1 target=Target Dummy damage=18
[03:34:32.910] Bullet OnHitNPC. projId=0 target=Target Dummy damage=32
[03:34:33.377] Bullet OnHitNPC. projId=0 target=Target Dummy damage=32
[03:34:33.844] Bullet OnHitNPC. projId=0 target=Target Dummy damage=32
[03:34:33.892] Bullet OnHitNPC. projId=0 target=Target Dummy damage=32
[03:34:39.407] Bullet OnHitNPC. projId=0 target=Target Dummy damage=28
---- Diagnostic Log Start 2026-02-02 03:36:04 ----
---- Diagnostic Log Start 2026-02-02 03:39:26 ----
---- Diagnostic Log Start 2026-02-02 03:41:40 ----
[03:41:55.018] Bullet OnHitNPC. projId=0 target=Blue Slime damage=42
[03:41:55.314] Bullet OnHitNPC. projId=0 target=Blue Slime damage=42
---- Diagnostic Log Start 2026-02-02 18:18:49 ----
[18:19:07.365] Bullet OnHitNPC. projId=0 target=Target Dummy damage=28
[18:19:07.586] Bullet OnHitNPC. projId=0 target=Target Dummy damage=28
[18:19:11.137] Bullet OnHitNPC. projId=0 target=Target Dummy damage=28
[18:19:11.373] Bullet OnHitNPC. projId=0 target=Target Dummy damage=56
[18:19:17.373] Bullet OnHitNPC. projId=0 target=Super Dummy damage=28
[18:19:17.604] Bullet OnHitNPC. projId=0 target=Super Dummy damage=28
[18:19:17.840] Bullet OnHitNPC. projId=0 target=Super Dummy damage=28
[18:19:18.070] Bullet OnHitNPC. projId=0 target=Super Dummy damage=28
[18:19:18.307] Bullet OnHitNPC. projId=0 target=Super Dummy damage=28
[18:19:19.490] Bullet OnHitNPC. projId=0 target=Super Dummy damage=31
[18:19:19.622] Bullet OnHitNPC. projId=0 target=Super Dummy damage=31
[18:19:19.755] Bullet OnHitNPC. projId=0 target=Super Dummy damage=31
[18:19:19.889] Bullet OnHitNPC. projId=0 target=Super Dummy damage=31
[18:19:20.738] Bullet OnHitNPC. projId=0 target=Super Dummy damage=32
[18:19:20.791] Bullet OnHitNPC. projId=0 target=Super Dummy damage=70
[18:19:21.204] Bullet OnHitNPC. projId=0 target=Super Dummy damage=70
[18:19:22.191] Bullet OnHitNPC. projId=0 target=Super Dummy damage=32
[18:19:22.240] Bullet OnHitNPC. projId=0 target=Super Dummy damage=32
[18:19:22.658] Bullet OnHitNPC. projId=0 target=Super Dummy damage=32
[18:19:22.706] Bullet OnHitNPC. projId=0 target=Super Dummy damage=32
---- Diagnostic Log Start 2026-02-02 18:23:35 ----
[18:23:43.680] Bullet OnHitNPC. projId=0 target=Target Dummy damage=32
[18:23:45.070] Bullet OnHitNPC. projId=0 target=Target Dummy damage=18
[18:23:45.195] Bullet OnHitNPC. projId=0 target=Target Dummy damage=18
[18:23:45.462] Bullet OnHitNPC. projId=0 target=Target Dummy damage=18
[18:23:46.328] Bullet OnHitNPC. projId=0 target=Target Dummy damage=28
[18:23:46.558] Bullet OnHitNPC. projId=0 target=Target Dummy damage=28
[18:23:47.195] Bullet OnHitNPC. projId=0 target=Target Dummy damage=18
[18:23:47.328] Bullet OnHitNPC. projId=0 target=Target Dummy damage=18
[18:23:47.462] Bullet OnHitNPC. projId=0 target=Target Dummy damage=18
[18:23:47.595] Bullet OnHitNPC. projId=0 target=Target Dummy damage=18
[18:23:47.728] Bullet OnHitNPC. projId=0 target=Target Dummy damage=18
[18:23:47.862] Bullet OnHitNPC. projId=0 target=Target Dummy damage=18
[18:23:47.995] Bullet OnHitNPC. projId=0 target=Target Dummy damage=18
[18:23:48.128] Bullet OnHitNPC. projId=0 target=Target Dummy damage=18
[18:23:48.395] Bullet OnHitNPC. projId=0 target=Target Dummy damage=18
[18:23:48.528] Bullet OnHitNPC. projId=0 target=Target Dummy damage=18
[18:23:48.670] Bullet OnHitNPC. projId=0 target=Target Dummy damage=18
[18:23:49.492] Bullet OnHitNPC. projId=0 target=Target Dummy damage=18
[18:23:49.625] Bullet OnHitNPC. projId=0 target=Target Dummy damage=18
[18:23:49.758] Bullet OnHitNPC. projId=0 target=Target Dummy damage=18
[18:23:49.892] Bullet OnHitNPC. projId=0 target=Target Dummy damage=18
[18:23:50.025] Bullet OnHitNPC. projId=0 target=Target Dummy damage=18
[18:23:52.880] Bullet OnHitNPC. projId=0 target=Target Dummy damage=18
[18:23:52.977] Bullet OnHitNPC. projId=0 target=Target Dummy damage=36
[18:23:53.080] Bullet OnHitNPC. projId=0 target=Target Dummy damage=18
[18:23:53.177] Bullet OnHitNPC. projId=0 target=Target Dummy damage=18
[18:23:53.280] Bullet OnHitNPC. projId=0 target=Target Dummy damage=18
[18:23:53.377] Bullet OnHitNPC. projId=0 target=Target Dummy damage=18
[18:23:53.480] Bullet OnHitNPC. projId=0 target=Target Dummy damage=18
[18:23:53.680] Bullet OnHitNPC. projId=0 target=Target Dummy damage=18
---- Diagnostic Log Start 2026-02-02 18:30:01 ----
[18:30:12.507] Bullet OnHitNPC. projId=0 target=Target Dummy damage=28
[18:30:12.743] Bullet OnHitNPC. projId=0 target=Target Dummy damage=28
[18:30:12.973] Bullet OnHitNPC. projId=0 target=Target Dummy damage=56
[18:30:14.525] Bullet OnHitNPC. projId=0 target=Target Dummy damage=32
[18:30:16.792] Bullet OnHitNPC. projId=0 target=Target Dummy damage=36
[18:30:16.991] Bullet OnHitNPC. projId=0 target=Target Dummy damage=18
---- Diagnostic Log Start 2026-02-02 18:31:51 ----
---- Diagnostic Log Start 2026-02-02 18:32:31 ----
[18:32:44.840] Bullet OnHitNPC. projId=0 target=Target Dummy damage=28
[18:32:45.075] Bullet OnHitNPC. projId=0 target=Target Dummy damage=56
[18:32:45.305] Bullet OnHitNPC. projId=0 target=Target Dummy damage=28
[18:32:45.772] Bullet OnHitNPC. projId=0 target=Target Dummy damage=28
[18:32:46.141] Bullet OnHitNPC. projId=0 target=Target Dummy damage=28
[18:32:46.506] Bullet OnHitNPC. projId=0 target=Target Dummy damage=56
[18:32:47.106] Bullet OnHitNPC. projId=0 target=Target Dummy damage=18
[18:32:47.239] Bullet OnHitNPC. projId=0 target=Target Dummy damage=18
[18:32:47.372] Bullet OnHitNPC. projId=0 target=Target Dummy damage=18
[18:32:48.591] Bullet OnHitNPC. projId=0 target=Target Dummy damage=32
[18:32:48.639] Bullet OnHitNPC. projId=0 target=Target Dummy damage=32
[18:32:49.905] Bullet OnHitNPC. projId=0 target=Target Dummy damage=64
[18:32:49.954] Bullet OnHitNPC. projId=0 target=Target Dummy damage=32
[18:32:50.723] Bullet OnHitNPC. projId=0 target=Target Dummy damage=32
[18:32:50.772] Bullet OnHitNPC. projId=0 target=Target Dummy damage=32
[18:32:51.457] Bullet OnHitNPC. projId=0 target=Target Dummy damage=32
[18:32:51.505] Bullet OnHitNPC. projId=0 target=Target Dummy damage=32
[18:32:52.075] Bullet OnHitNPC. projId=0 target=Target Dummy damage=32
[18:32:52.123] Bullet OnHitNPC. projId=0 target=Target Dummy damage=32
[18:32:52.705] Bullet OnHitNPC. projId=0 target=Target Dummy damage=32
[18:32:52.754] Bullet OnHitNPC. projId=0 target=Target Dummy damage=32
[18:32:53.324] Bullet OnHitNPC. projId=0 target=Target Dummy damage=32
[18:32:53.372] Bullet OnHitNPC. projId=0 target=Target Dummy damage=32
---- Diagnostic Log Start 2026-02-02 18:36:32 ----
---- Diagnostic Log Start 2026-02-02 18:37:19 ----
[18:37:25.777] Bullet OnHitNPC. projId=0 target=Target Dummy damage=28
[18:37:28.710] Bullet OnHitNPC. projId=0 target=Target Dummy damage=18
[18:37:28.842] Bullet OnHitNPC. projId=0 target=Target Dummy damage=18
[18:37:28.976] Bullet OnHitNPC. projId=0 target=Target Dummy damage=18
[18:37:29.109] Bullet OnHitNPC. projId=0 target=Target Dummy damage=18
[18:37:29.540] Bullet OnHitNPC. projId=0 target=Target Dummy damage=18
[18:37:29.673] Bullet OnHitNPC. projId=0 target=Target Dummy damage=18
[18:37:29.806] Bullet OnHitNPC. projId=0 target=Target Dummy damage=18
[18:37:35.576] Bullet OnHitNPC. projId=0 target=Target Dummy damage=18
[18:37:35.673] Bullet OnHitNPC. projId=0 target=Target Dummy damage=18
[18:37:35.776] Bullet OnHitNPC. projId=0 target=Target Dummy damage=18
[18:37:35.873] Bullet OnHitNPC. projId=0 target=Target Dummy damage=18
[18:37:35.976] Bullet OnHitNPC. projId=0 target=Target Dummy damage=18
[18:37:36.073] Bullet OnHitNPC. projId=0 target=Target Dummy damage=18
[18:37:36.176] Bullet OnHitNPC. projId=0 target=Target Dummy damage=18
[18:37:36.709] Bullet OnHitNPC. projId=0 target=Target Dummy damage=18
[18:37:37.024] Bullet OnHitNPC. projId=0 target=Target Dummy damage=18
[18:37:37.224] Bullet OnHitNPC. projId=0 target=Target Dummy damage=18
[18:37:41.557] Bullet OnHitNPC. projId=0 target=Target Dummy damage=32
[18:37:41.606] Bullet OnHitNPC. projId=0 target=Target Dummy damage=32
[18:37:42.309] Bullet OnHitNPC. projId=0 target=Target Dummy damage=32
[18:37:42.357] Bullet OnHitNPC. projId=0 target=Target Dummy damage=32
[18:37:43.176] Bullet OnHitNPC. projId=0 target=Target Dummy damage=32
[18:37:43.824] Bullet OnHitNPC. projId=0 target=Target Dummy damage=32
[18:37:44.358] Bullet OnHitNPC. projId=0 target=Target Dummy damage=32
---- Diagnostic Log Start 2026-02-02 18:44:49 ----
---- Diagnostic Log Start 2026-02-02 18:47:17 ----
---- Diagnostic Log Start 2026-02-02 18:53:29 ----
---- Diagnostic Log Start 2026-02-02 19:01:39 ----
---- Diagnostic Log Start 2026-02-02 19:01:54 ----
[19:02:51.972] EyesUp hook triggered: GetHealLife Player=0
[19:02:51.972] EyesUp stacks GRANTED! Added=7 OldTotal=0 NewTotal=7 Frame=1228
[19:02:51.977] EyesUp hook triggered: GetHealLife Player=0
[19:02:51.977] EyesUp grant skipped (already granted this frame). Frame=1228
[19:02:51.983] EyesUp hook triggered: GetHealLife Player=0
[19:02:51.984] EyesUp grant skipped (already granted this frame). Frame=1228
[19:02:51.991] EyesUp hook triggered: GetHealLife Player=0
[19:02:51.991] EyesUp stacks GRANTED! Added=7 OldTotal=7 NewTotal=7 Frame=1229
[19:02:51.996] EyesUp hook triggered: GetHealLife Player=0
[19:02:51.996] EyesUp grant skipped (already granted this frame). Frame=1229
[19:02:52.001] EyesUp hook triggered: GetHealLife Player=0
[19:02:52.001] EyesUp grant skipped (already granted this frame). Frame=1229
[19:02:52.008] EyesUp hook triggered: GetHealLife Player=0
[19:02:52.008] EyesUp stacks GRANTED! Added=7 OldTotal=7 NewTotal=7 Frame=1230
[19:02:52.013] EyesUp hook triggered: GetHealLife Player=0
[19:02:52.014] EyesUp grant skipped (already granted this frame). Frame=1230
---- Diagnostic Log Start 2026-02-02 19:09:37 ----
---- Diagnostic Log Start 2026-02-02 19:13:50 ----
---- Diagnostic Log Start 2026-02-02 19:13:58 ----
---- Diagnostic Log Start 2026-02-02 19:16:23 ----
---- Diagnostic Log Start 2026-02-02 19:16:32 ----
---- Diagnostic Log Start 2026-02-02 19:18:03 ----
---- Diagnostic Log Start 2026-02-02 19:20:32 ----
---- Diagnostic Log Start 2026-02-02 19:24:05 ----
---- Diagnostic Log Start 2026-02-02 19:26:36 ----
---- Diagnostic Log Start 2026-02-02 19:30:25 ----
---- Diagnostic Log Start 2026-02-02 19:36:52 ----
---- Diagnostic Log Start 2026-02-02 19:36:59 ----
---- Diagnostic Log Start 2026-02-02 19:41:25 ----
---- Diagnostic Log Start 2026-02-02 19:44:30 ----
---- Diagnostic Log Start 2026-02-02 19:46:44 ----
---- Diagnostic Log Start 2026-02-02 19:51:22 ----
---- Diagnostic Log Start 2026-02-02 19:52:43 ----
---- Diagnostic Log Start 2026-02-02 19:55:45 ----
---- Diagnostic Log Start 2026-02-02 19:55:56 ----
---- Diagnostic Log Start 2026-02-02 20:05:51 ----
---- Diagnostic Log Start 2026-02-02 20:11:27 ----
---- Diagnostic Log Start 2026-02-02 20:12:28 ----
---- Diagnostic Log Start 2026-02-02 20:17:59 ----
---- Diagnostic Log Start 2026-02-02 20:29:44 ----
---- Diagnostic Log Start 2026-02-02 20:31:17 ----
---- Diagnostic Log Start 2026-02-02 20:32:03 ----
---- Diagnostic Log Start 2026-02-02 20:33:32 ----
---- Diagnostic Log Start 2026-02-02 20:36:27 ----
---- Diagnostic Log Start 2026-02-02 20:40:32 ----
---- Diagnostic Log Start 2026-02-02 20:41:40 ----
---- Diagnostic Log Start 2026-02-02 20:44:28 ----
---- Diagnostic Log Start 2026-02-02 20:49:53 ----
---- Diagnostic Log Start 2026-02-02 21:00:56 ----
---- Diagnostic Log Start 2026-02-02 21:04:05 ----
---- Diagnostic Log Start 2026-02-02 21:04:23 ----
---- Diagnostic Log Start 2026-02-02 21:17:01 ----
---- Diagnostic Log Start 2026-02-02 21:21:13 ----
---- Diagnostic Log Start 2026-02-02 21:21:22 ----
---- Diagnostic Log Start 2026-02-02 21:22:58 ----
---- Diagnostic Log Start 2026-02-02 21:27:30 ----
---- Diagnostic Log Start 2026-02-02 21:31:58 ----
---- Diagnostic Log Start 2026-02-02 21:32:12 ----
---- Diagnostic Log Start 2026-02-02 21:32:58 ----
---- Diagnostic Log Start 2026-02-02 21:37:08 ----
---- Diagnostic Log Start 2026-02-02 21:40:42 ----
---- Diagnostic Log Start 2026-02-02 21:41:20 ----
---- Diagnostic Log Start 2026-02-02 22:02:06 ----
---- Diagnostic Log Start 2026-02-02 22:02:35 ----
---- Diagnostic Log Start 2026-02-02 22:10:34 ----
---- Diagnostic Log Start 2026-02-02 22:12:02 ----
---- Diagnostic Log Start 2026-02-02 22:14:21 ----
---- Diagnostic Log Start 2026-02-02 22:19:40 ----
---- Diagnostic Log Start 2026-02-02 22:27:46 ----
[22:28:29.094] Bullet OnHitNPC. projId=1 target=Target Dummy damage=18
[22:28:29.796] Bullet OnHitNPC. projId=0 target=Target Dummy damage=32
[22:28:30.227] Bullet OnHitNPC. projId=0 target=Target Dummy damage=32
[22:28:32.111] Bullet OnHitNPC. projId=0 target=Target Dummy damage=32
[22:28:36.178] Bullet OnHitNPC. projId=0 target=Target Dummy damage=32
[22:28:37.063] Bullet OnHitNPC. projId=1 target=Target Dummy damage=32
[22:28:37.742] Bullet OnHitNPC. projId=1 target=Target Dummy damage=32
[22:28:39.529] Bullet OnHitNPC. projId=0 target=Target Dummy damage=32
[22:28:43.129] Bullet OnHitNPC. projId=2 target=Target Dummy damage=32
[22:28:43.663] Bullet OnHitNPC. projId=2 target=Target Dummy damage=32
[22:28:44.693] Bullet OnHitNPC. projId=0 target=Target Dummy damage=18
[22:28:45.093] Bullet OnHitNPC. projId=0 target=Target Dummy damage=18
[22:28:45.226] Bullet OnHitNPC. projId=0 target=Target Dummy damage=18
[22:28:51.378] Bullet OnHitNPC. projId=0 target=Green Slime damage=42
[22:28:51.929] Bullet OnHitNPC. projId=0 target=Blue Slime damage=28
[22:28:52.445] Bullet OnHitNPC. projId=0 target=Blue Slime damage=28
[22:28:54.075] Bullet OnHitNPC. projId=0 target=Blue Slime damage=28
[22:28:54.463] Bullet OnHitNPC. projId=0 target=Blue Slime damage=56
---- Diagnostic Log Start 2026-02-02 22:30:17 ----
[22:30:27.840] Bullet OnHitNPC. projId=0 target=Target Dummy damage=28
[22:30:28.371] Bullet OnHitNPC. projId=0 target=Target Dummy damage=18
[22:30:28.772] Bullet OnHitNPC. projId=0 target=Target Dummy damage=18
[22:30:29.159] Bullet OnHitNPC. projId=0 target=Target Dummy damage=32
---- Diagnostic Log Start 2026-02-02 22:35:34 ----
[22:35:46.909] Bullet OnHitNPC. projId=0 target=Target Dummy damage=32
---- Diagnostic Log Start 2026-02-02 22:36:14 ----
[22:36:26.562] Bullet OnHitNPC. projId=0 target=Target Dummy damage=28
[22:36:27.447] Bullet OnHitNPC. projId=0 target=Target Dummy damage=28
[22:36:31.599] Bullet OnHitNPC. projId=0 target=Target Dummy damage=28
[22:36:46.981] Bullet OnHitNPC. projId=0 target=Target Dummy damage=28
[22:36:47.332] Bullet OnHitNPC. projId=0 target=Target Dummy damage=28
[22:36:48.580] Bullet OnHitNPC. projId=0 target=Target Dummy damage=18
[22:36:49.865] Bullet OnHitNPC. projId=0 target=Target Dummy damage=32
[22:36:51.162] Bullet OnHitNPC. projId=0 target=Target Dummy damage=18
[22:36:51.677] Bullet OnHitNPC. projId=0 target=Target Dummy damage=18
[22:36:54.943] Bullet OnHitNPC. projId=0 target=Target Dummy damage=32
[22:36:54.998] Bullet OnHitNPC. projId=0 target=Target Dummy damage=32
[22:36:55.610] Bullet OnHitNPC. projId=0 target=Target Dummy damage=32
[22:36:55.665] Bullet OnHitNPC. projId=0 target=Target Dummy damage=32
[22:37:01.883] Bullet OnHitNPC. projId=0 target=Target Dummy damage=32
[22:37:02.400] Bullet OnHitNPC. projId=0 target=Green Slime damage=32
[22:37:02.980] Bullet OnHitNPC. projId=0 target=Target Dummy damage=32
[22:37:05.144] Bullet OnHitNPC. projId=0 target=Blue Slime damage=32
[22:37:05.665] Bullet OnHitNPC. projId=0 target=Target Dummy damage=32
[22:37:06.198] Bullet OnHitNPC. projId=0 target=Target Dummy damage=32
[22:37:07.429] Bullet OnHitNPC. projId=0 target=Target Dummy damage=32
[22:37:08.046] Bullet OnHitNPC. projId=0 target=Target Dummy damage=32
[22:37:08.780] Bullet OnHitNPC. projId=0 target=Blue Slime damage=32
---- Diagnostic Log Start 2026-02-02 22:38:44 ----
[22:38:53.053] Bullet OnHitNPC. projId=0 target=Target Dummy damage=28
[22:38:53.719] Bullet OnHitNPC. projId=0 target=Target Dummy damage=18
[22:38:53.852] Bullet OnHitNPC. projId=0 target=Target Dummy damage=36
[22:38:53.985] Bullet OnHitNPC. projId=0 target=Target Dummy damage=18
[22:38:59.090] Bullet OnHitNPC. projId=0 target=Green Slime damage=42
[22:38:59.355] Bullet OnHitNPC. projId=0 target=Target Dummy damage=28
[22:38:59.841] Bullet OnHitNPC. projId=0 target=Green Slime damage=28
[22:39:00.240] Bullet OnHitNPC. projId=0 target=Green Slime damage=28
[22:39:00.955] Bullet OnHitNPC. projId=0 target=Green Slime damage=28
[22:39:02.289] Bullet OnHitNPC. projId=0 target=Green Slime damage=28
---- Diagnostic Log Start 2026-02-02 22:43:57 ----
[22:44:05.329] Bullet OnHitNPC. projId=0 target=Target Dummy damage=36
[22:44:05.680] Bullet OnHitNPC. projId=0 target=Target Dummy damage=18
[22:44:05.813] Bullet OnHitNPC. projId=0 target=Target Dummy damage=18
[22:44:51.777] Bullet OnHitNPC. projId=0 target=Target Dummy damage=32
[22:44:52.213] Bullet OnHitNPC. projId=0 target=Target Dummy damage=32
[22:44:54.025] Bullet OnHitNPC. projId=0 target=Target Dummy damage=18
[22:44:54.394] Bullet OnHitNPC. projId=1 target=Target Dummy damage=18
[22:44:54.491] Bullet OnHitNPC. projId=1 target=Target Dummy damage=18
[22:44:56.043] Bullet OnHitNPC. projId=0 target=Target Dummy damage=32
---- Diagnostic Log Start 2026-02-02 22:48:22 ----
---- Diagnostic Log Start 2026-02-02 22:48:31 ----
---- Diagnostic Log Start 2026-02-02 22:51:18 ----
---- Diagnostic Log Start 2026-02-02 22:54:48 ----
---- Diagnostic Log Start 2026-02-02 22:58:20 ----
---- Diagnostic Log Start 2026-02-02 22:58:37 ----
---- Diagnostic Log Start 2026-02-02 23:03:05 ----
[23:03:15.216] Bullet OnHitNPC. projId=0 target=Target Dummy damage=18
[23:03:15.464] Bullet OnHitNPC. projId=0 target=Target Dummy damage=18
[23:03:15.913] Bullet OnHitNPC. projId=0 target=Target Dummy damage=32
[23:03:16.446] Bullet OnHitNPC. projId=0 target=Target Dummy damage=32
[23:03:17.149] Bullet OnHitNPC. projId=0 target=Target Dummy damage=18
[23:03:17.482] Bullet OnHitNPC. projId=0 target=Target Dummy damage=18
---- Diagnostic Log Start 2026-02-02 23:08:08 ----
---- Diagnostic Log Start 2026-02-02 23:08:57 ----
---- Diagnostic Log Start 2026-02-02 23:09:17 ----
[23:09:46.268] Bullet OnHitNPC. projId=0 target=Target Dummy damage=18
[23:09:46.400] Bullet OnHitNPC. projId=0 target=Target Dummy damage=18
[23:09:46.765] Bullet OnHitNPC. projId=0 target=Target Dummy damage=32
[23:09:47.200] Bullet OnHitNPC. projId=0 target=Target Dummy damage=32
[23:09:47.933] Bullet OnHitNPC. projId=0 target=Target Dummy damage=32
[23:09:48.612] Bullet OnHitNPC. projId=0 target=Target Dummy damage=18
[23:09:48.812] Bullet OnHitNPC. projId=1 target=Target Dummy damage=36
[23:09:49.012] Bullet OnHitNPC. projId=0 target=Target Dummy damage=18
[23:09:49.412] Bullet OnHitNPC. projId=0 target=Target Dummy damage=32
[23:09:49.467] Bullet OnHitNPC. projId=0 target=Target Dummy damage=32
[23:09:50.146] Bullet OnHitNPC. projId=0 target=Target Dummy damage=32
[23:09:50.200] Bullet OnHitNPC. projId=0 target=Target Dummy damage=32
---- Diagnostic Log Start 2026-02-02 23:13:37 ----
[23:13:44.926] Bullet OnHitNPC. projId=0 target=Target Dummy damage=18
[23:13:45.059] Bullet OnHitNPC. projId=0 target=Target Dummy damage=18
---- Diagnostic Log Start 2026-02-02 23:13:55 ----
[23:14:03.889] Bullet OnHitNPC. projId=0 target=Target Dummy damage=32
[23:14:04.326] Bullet OnHitNPC. projId=0 target=Target Dummy damage=32
---- Diagnostic Log Start 2026-02-02 23:27:09 ----
---- Diagnostic Log Start 2026-02-02 23:27:19 ----
[23:27:26.135] Bullet OnHitNPC. projId=1 target=Target Dummy damage=28
[23:27:26.933] Bullet OnHitNPC. projId=0 target=Target Dummy damage=18
[23:27:27.065] Bullet OnHitNPC. projId=0 target=Target Dummy damage=18
[23:27:27.332] Bullet OnHitNPC. projId=1 target=Target Dummy damage=18
[23:27:27.866] Bullet OnHitNPC. projId=0 target=Target Dummy damage=32
---- Diagnostic Log Start 2026-02-02 23:50:05 ----
---- Diagnostic Log Start 2026-02-02 23:50:20 ----
[23:50:26.127] Bullet OnHitNPC. projId=0 target=Target Dummy damage=18
[23:50:26.259] Bullet OnHitNPC. projId=0 target=Target Dummy damage=18
[23:50:42.477] Bullet OnHitNPC. projId=5 target=Target Dummy damage=32
[23:50:43.100] Bullet OnHitNPC. projId=0 target=Target Dummy damage=32
[23:51:01.174] Bullet OnHitNPC. projId=0 target=Target Dummy damage=28
[23:51:01.418] Bullet OnHitNPC. projId=0 target=Target Dummy damage=28
[23:51:01.973] Bullet OnHitNPC. projId=0 target=Target Dummy damage=28
[23:52:30.609] Bullet OnHitNPC. projId=1 target=Target Dummy damage=28
[23:52:38.773] Bullet OnHitNPC. projId=0 target=Target Dummy damage=28
[23:52:39.076] Bullet OnHitNPC. projId=0 target=Target Dummy damage=28
[23:52:39.373] Bullet OnHitNPC. projId=0 target=Target Dummy damage=28
[23:52:39.706] Bullet OnHitNPC. projId=0 target=Target Dummy damage=56
[23:52:42.658] Bullet OnHitNPC. projId=0 target=Target Dummy damage=28
[23:52:42.991] Bullet OnHitNPC. projId=0 target=Target Dummy damage=28
[23:52:58.009] Bullet OnHitNPC. projId=0 target=Blue Slime damage=57
[23:52:59.094] Bullet OnHitNPC. projId=0 target=Green Slime damage=46
[23:53:10.694] Bullet OnHitNPC. projId=0 target=Target Dummy damage=32
[23:53:14.676] Bullet OnHitNPC. projId=0 target=Target Dummy damage=32
[23:53:33.881] Bullet OnHitNPC. projId=0 target=Super Dummy damage=18
[23:53:34.015] Bullet OnHitNPC. projId=0 target=Super Dummy damage=18
[23:53:34.148] Bullet OnHitNPC. projId=0 target=Super Dummy damage=18
[23:53:34.281] Bullet OnHitNPC. projId=0 target=Super Dummy damage=18
[23:53:34.415] Bullet OnHitNPC. projId=0 target=Super Dummy damage=18
[23:53:34.548] Bullet OnHitNPC. projId=0 target=Super Dummy damage=18
[23:53:34.682] Bullet OnHitNPC. projId=0 target=Super Dummy damage=18
[23:53:34.815] Bullet OnHitNPC. projId=0 target=Super Dummy damage=18
[23:53:35.082] Bullet OnHitNPC. projId=1 target=Super Dummy damage=18
[23:53:35.215] Bullet OnHitNPC. projId=0 target=Super Dummy damage=36
[23:53:35.348] Bullet OnHitNPC. projId=0 target=Super Dummy damage=18
[23:53:35.615] Bullet OnHitNPC. projId=1 target=Super Dummy damage=18
[23:53:35.749] Bullet OnHitNPC. projId=0 target=Super Dummy damage=18
[23:53:35.882] Bullet OnHitNPC. projId=0 target=Super Dummy damage=18
[23:53:41.143] Bullet OnHitNPC. projId=0 target=Blue Slime damage=56
[23:53:41.604] Bullet OnHitNPC. projId=0 target=Blue Slime damage=42
[23:53:42.500] Bullet OnHitNPC. projId=0 target=Blue Slime damage=28
[23:53:49.270] Bullet OnHitNPC. projId=0 target=Green Slime damage=28
[23:53:52.215] Bullet OnHitNPC. projId=0 target=Green Slime damage=42
[23:53:58.936] Bullet OnHitNPC. projId=0 target=Green Slime damage=28
[23:54:02.015] Bullet OnHitNPC. projId=0 target=Super Dummy damage=28
[23:54:02.403] Bullet OnHitNPC. projId=0 target=Purple Slime damage=27
[23:54:02.748] Bullet OnHitNPC. projId=0 target=Blue Slime damage=28
[23:54:03.118] Bullet OnHitNPC. projId=0 target=Blue Slime damage=28
[23:54:03.682] Bullet OnHitNPC. projId=0 target=Super Dummy damage=28
[23:54:04.385] Bullet OnHitNPC. projId=0 target=Purple Slime damage=27
[23:54:04.785] Bullet OnHitNPC. projId=0 target=Purple Slime damage=27
---- Diagnostic Log Start 2026-02-02 23:56:06 ----
---- Diagnostic Log Start 2026-02-02 23:57:34 ----
[23:57:41.693] Bullet OnHitNPC. projId=0 target=Target Dummy damage=28
[23:57:42.092] Bullet OnHitNPC. projId=0 target=Target Dummy damage=56
[23:57:54.243] Bullet OnHitNPC. projId=1 target=Target Dummy damage=28
[23:57:54.473] Bullet OnHitNPC. projId=1 target=Target Dummy damage=28
[23:58:47.819] Bullet OnHitNPC. projId=1 target=Blue Slime damage=28
[23:58:51.837] Bullet OnHitNPC. projId=0 target=Target Dummy damage=15
[23:58:53.303] Bullet OnHitNPC. projId=2 target=Blue Slime damage=18
[23:58:54.455] Bullet OnHitNPC. projId=0 target=Blue Slime damage=27
[23:58:56.237] Bullet OnHitNPC. projId=0 target=Target Dummy damage=29
[23:58:56.667] Bullet OnHitNPC. projId=0 target=Target Dummy damage=59
[23:58:57.104] Bullet OnHitNPC. projId=0 target=Blue Slime damage=28
[23:59:00.988] Bullet OnHitNPC. projId=0 target=Blue Slime damage=32
---- Diagnostic Log Start 2026-02-02 23:59:53 ----
[00:00:03.516] Bullet OnHitNPC. projId=0 target=Target Dummy damage=28
[00:00:04.673] Bullet OnHitNPC. projId=0 target=Target Dummy damage=28
[00:00:05.169] Bullet OnHitNPC. projId=0 target=Target Dummy damage=28
[00:00:05.582] Bullet OnHitNPC. projId=0 target=Target Dummy damage=28
[00:00:06.382] Bullet OnHitNPC. projId=0 target=Target Dummy damage=18
[00:00:06.648] Bullet OnHitNPC. projId=0 target=Target Dummy damage=18
[00:00:06.915] Bullet OnHitNPC. projId=0 target=Target Dummy damage=18
[00:00:08.067] Bullet OnHitNPC. projId=0 target=Target Dummy damage=32
---- Diagnostic Log Start 2026-02-03 00:03:27 ----
[00:03:35.174] Bullet OnHitNPC. projId=0 target=Target Dummy damage=28
[00:03:42.489] Bullet OnHitNPC. projId=0 target=Target Dummy damage=18
[00:03:42.622] Bullet OnHitNPC. projId=0 target=Target Dummy damage=18
[00:03:42.756] Bullet OnHitNPC. projId=0 target=Target Dummy damage=18
[00:03:44.240] Bullet OnHitNPC. projId=0 target=Target Dummy damage=18
[00:03:44.974] Bullet OnHitNPC. projId=0 target=Target Dummy damage=28
---- Diagnostic Log Start 2026-02-03 00:07:33 ----
[00:07:39.784] Bullet OnHitNPC. projId=0 target=Target Dummy damage=28
[00:07:40.069] Bullet OnHitNPC. projId=0 target=Target Dummy damage=28
[00:07:40.336] Bullet OnHitNPC. projId=0 target=Target Dummy damage=28
[00:07:40.602] Bullet OnHitNPC. projId=0 target=Target Dummy damage=28
[00:07:40.899] Bullet OnHitNPC. projId=0 target=Target Dummy damage=28
[00:07:43.481] Bullet OnHitNPC. projId=0 target=Target Dummy damage=28
[00:07:43.748] Bullet OnHitNPC. projId=0 target=Target Dummy damage=28
[00:07:44.002] Bullet OnHitNPC. projId=0 target=Target Dummy damage=28
[00:07:44.281] Bullet OnHitNPC. projId=0 target=Target Dummy damage=28
[00:07:44.536] Bullet OnHitNPC. projId=0 target=Target Dummy damage=28
[00:07:44.802] Bullet OnHitNPC. projId=0 target=Target Dummy damage=28
[00:07:45.082] Bullet OnHitNPC. projId=0 target=Target Dummy damage=28
[00:07:45.348] Bullet OnHitNPC. projId=0 target=Target Dummy damage=28
[00:07:46.402] Bullet OnHitNPC. projId=0 target=Target Dummy damage=32
[00:07:47.402] Bullet OnHitNPC. projId=0 target=Target Dummy damage=32
[00:07:48.366] Bullet OnHitNPC. projId=0 target=Target Dummy damage=32
---- Diagnostic Log Start 2026-02-03 00:12:07 ----
[00:12:19.347] Bullet OnHitNPC. projId=0 target=Target Dummy damage=56
[00:12:19.661] Bullet OnHitNPC. projId=0 target=Target Dummy damage=28
[00:12:19.964] Bullet OnHitNPC. projId=0 target=Target Dummy damage=28
[00:12:25.661] Bullet OnHitNPC. projId=0 target=Target Dummy damage=32
[00:12:29.309] Bullet OnHitNPC. projId=0 target=Target Dummy damage=32
[00:12:29.830] Bullet OnHitNPC. projId=0 target=Target Dummy damage=32
[00:12:42.110] Bullet OnHitNPC. projId=0 target=Blue Slime damage=28
[00:12:42.680] Bullet OnHitNPC. projId=0 target=Blue Slime damage=42
[00:12:46.376] Bullet OnHitNPC. projId=0 target=Target Dummy damage=28
[00:12:46.709] Bullet OnHitNPC. projId=0 target=Target Dummy damage=56
[00:12:47.030] Bullet OnHitNPC. projId=0 target=Target Dummy damage=28
[00:12:47.260] Bullet OnHitNPC. projId=0 target=Target Dummy damage=28
[00:12:49.927] Bullet OnHitNPC. projId=1 target=Target Dummy damage=18
[00:12:50.194] Bullet OnHitNPC. projId=1 target=Target Dummy damage=18
[00:12:50.327] Bullet OnHitNPC. projId=0 target=Target Dummy damage=18
[00:12:51.109] Bullet OnHitNPC. projId=1 target=Target Dummy damage=18
[00:12:51.242] Bullet OnHitNPC. projId=0 target=Target Dummy damage=18
[00:12:51.830] Bullet OnHitNPC. projId=0 target=Target Dummy damage=18
[00:12:52.030] Bullet OnHitNPC. projId=0 target=Target Dummy damage=18
[00:12:52.242] Bullet OnHitNPC. projId=0 target=Target Dummy damage=18
[00:12:52.430] Bullet OnHitNPC. projId=0 target=Target Dummy damage=18
[00:12:52.860] Bullet OnHitNPC. projId=0 target=Target Dummy damage=18
[00:12:53.030] Bullet OnHitNPC. projId=0 target=Target Dummy damage=18
[00:12:53.394] Bullet OnHitNPC. projId=0 target=Target Dummy damage=18
[00:12:53.660] Bullet OnHitNPC. projId=0 target=Target Dummy damage=18
[00:12:56.176] Bullet OnHitNPC. projId=0 target=Target Dummy damage=18
[00:12:56.376] Bullet OnHitNPC. projId=1 target=Target Dummy damage=18
[00:12:56.461] Bullet OnHitNPC. projId=1 target=Blue Slime damage=18
[00:12:59.945] Bullet OnHitNPC. projId=1 target=Target Dummy damage=32
---- Diagnostic Log Start 2026-02-03 00:15:18 ----
---- Diagnostic Log Start 2026-02-03 00:15:26 ----
[00:15:32.576] Bullet OnHitNPC. projId=0 target=Target Dummy damage=28
---- Diagnostic Log Start 2026-02-03 00:18:57 ----
[00:19:07.380] Bullet OnHitNPC. projId=0 target=Target Dummy damage=28
[00:19:07.779] Bullet OnHitNPC. projId=0 target=Target Dummy damage=28
[00:19:08.131] Bullet OnHitNPC. projId=0 target=Target Dummy damage=28
---- Diagnostic Log Start 2026-02-03 00:21:18 ----
---- Diagnostic Log Start 2026-02-03 00:21:38 ----
[00:21:46.191] Bullet OnHitNPC. projId=0 target=Target Dummy damage=28
[00:21:46.523] Bullet OnHitNPC. projId=0 target=Target Dummy damage=28
[00:21:52.238] Bullet OnHitNPC. projId=0 target=Target Dummy damage=18
[00:21:52.353] Bullet OnHitNPC. projId=0 target=Target Dummy damage=18
[00:21:52.486] Bullet OnHitNPC. projId=0 target=Target Dummy damage=18
[00:21:52.620] Bullet OnHitNPC. projId=0 target=Target Dummy damage=18
[00:21:52.753] Bullet OnHitNPC. projId=0 target=Target Dummy damage=18
[00:21:53.468] Bullet OnHitNPC. projId=0 target=Target Dummy damage=18
[00:21:53.601] Bullet OnHitNPC. projId=0 target=Target Dummy damage=18
---- Diagnostic Log Start 2026-02-03 00:24:42 ----
[00:25:01.807] Bullet OnHitNPC. projId=0 target=Target Dummy damage=28
[00:25:02.171] Bullet OnHitNPC. projId=0 target=Target Dummy damage=28
[00:25:05.703] Bullet OnHitNPC. projId=0 target=Target Dummy damage=29
[00:25:07.503] Bullet OnHitNPC. projId=0 target=Target Dummy damage=32
[00:25:08.903] Bullet OnHitNPC. projId=0 target=Target Dummy damage=32
[00:25:09.873] Bullet OnHitNPC. projId=0 target=Target Dummy damage=32
[00:25:13.903] Bullet OnHitNPC. projId=0 target=Target Dummy damage=32
---- Diagnostic Log Start 2026-02-03 00:28:52 ----
[00:29:00.188] Bullet OnHitNPC. projId=0 target=Target Dummy damage=28
---- Diagnostic Log Start 2026-02-03 00:33:51 ----
[00:33:56.372] Bullet OnHitNPC. projId=0 target=Target Dummy damage=28
---- Diagnostic Log Start 2026-02-03 00:34:07 ----
[00:34:13.044] Bullet OnHitNPC. projId=0 target=Target Dummy damage=28
[00:34:13.347] Bullet OnHitNPC. projId=0 target=Target Dummy damage=28
[00:34:13.577] Bullet OnHitNPC. projId=0 target=Target Dummy damage=28
[00:34:15.881] Bullet OnHitNPC. projId=0 target=Target Dummy damage=28
[00:34:16.111] Bullet OnHitNPC. projId=0 target=Target Dummy damage=28
[00:34:17.244] Bullet OnHitNPC. projId=0 target=Target Dummy damage=28
[00:34:17.614] Bullet OnHitNPC. projId=0 target=Target Dummy damage=28
[00:34:17.880] Bullet OnHitNPC. projId=0 target=Target Dummy damage=28
[00:34:18.281] Bullet OnHitNPC. projId=0 target=Target Dummy damage=28
[00:34:18.559] Bullet OnHitNPC. projId=0 target=Target Dummy damage=28
[00:34:18.844] Bullet OnHitNPC. projId=0 target=Target Dummy damage=28
[00:34:19.129] Bullet OnHitNPC. projId=0 target=Target Dummy damage=28
[00:34:19.947] Bullet OnHitNPC. projId=0 target=Target Dummy damage=32
[00:34:20.614] Bullet OnHitNPC. projId=0 target=Target Dummy damage=32
[00:34:21.444] Bullet OnHitNPC. projId=0 target=Target Dummy damage=18
[00:34:22.026] Bullet OnHitNPC. projId=0 target=Target Dummy damage=18
[00:34:22.129] Bullet OnHitNPC. projId=0 target=Target Dummy damage=18
[00:34:22.329] Bullet OnHitNPC. projId=0 target=Target Dummy damage=18
[00:34:22.426] Bullet OnHitNPC. projId=0 target=Target Dummy damage=18
[00:34:22.662] Bullet OnHitNPC. projId=0 target=Target Dummy damage=18
[00:34:22.862] Bullet OnHitNPC. projId=0 target=Target Dummy damage=18
[00:34:23.062] Bullet OnHitNPC. projId=0 target=Target Dummy damage=18
[00:34:23.244] Bullet OnHitNPC. projId=0 target=Target Dummy damage=36
[00:34:23.396] Bullet OnHitNPC. projId=0 target=Target Dummy damage=18
[00:34:23.577] Bullet OnHitNPC. projId=0 target=Target Dummy damage=18
[00:34:25.681] Bullet OnHitNPC. projId=0 target=Target Dummy damage=28
[00:34:26.014] Bullet OnHitNPC. projId=0 target=Target Dummy damage=28
[00:34:26.395] Bullet OnHitNPC. projId=0 target=Target Dummy damage=28
[00:34:26.903] Bullet OnHitNPC. projId=0 target=Target Dummy damage=18
[00:34:29.013] Bullet OnHitNPC. projId=0 target=Target Dummy damage=18
[00:34:29.147] Bullet OnHitNPC. projId=0 target=Target Dummy damage=18
[00:34:29.310] Bullet OnHitNPC. projId=0 target=Target Dummy damage=18
[00:34:29.777] Bullet OnHitNPC. projId=0 target=Target Dummy damage=32
---- Diagnostic Log Start 2026-02-03 00:37:10 ----
[00:37:17.141] Bullet OnHitNPC. projId=0 target=Target Dummy damage=28
[00:37:17.474] Bullet OnHitNPC. projId=0 target=Target Dummy damage=28
[00:37:17.710] Bullet OnHitNPC. projId=0 target=Target Dummy damage=28
[00:37:18.692] Bullet OnHitNPC. projId=0 target=Target Dummy damage=18
---- Diagnostic Log Start 2026-02-03 00:44:22 ----
[00:44:32.155] Bullet OnHitNPC. projId=0 target=Target Dummy damage=28
[00:44:35.640] Bullet OnHitNPC. projId=0 target=Target Dummy damage=28
[00:44:36.409] Bullet OnHitNPC. projId=0 target=Target Dummy damage=28
[00:44:37.409] Bullet OnHitNPC. projId=0 target=Target Dummy damage=28
[00:44:37.839] Bullet OnHitNPC. projId=0 target=Target Dummy damage=28
[00:44:38.142] Bullet OnHitNPC. projId=0 target=Target Dummy damage=28
[00:44:38.421] Bullet OnHitNPC. projId=0 target=Target Dummy damage=28
[00:44:38.724] Bullet OnHitNPC. projId=0 target=Target Dummy damage=28
[00:44:39.009] Bullet OnHitNPC. projId=0 target=Target Dummy damage=56
[00:44:47.208] Bullet OnHitNPC. projId=0 target=Target Dummy damage=28
[00:44:47.439] Bullet OnHitNPC. projId=0 target=Target Dummy damage=28
[00:44:48.391] Bullet OnHitNPC. projId=0 target=Target Dummy damage=18
[00:44:52.039] Bullet OnHitNPC. projId=0 target=Target Dummy damage=18
[00:44:52.172] Bullet OnHitNPC. projId=0 target=Target Dummy damage=18
[00:44:53.372] Bullet OnHitNPC. projId=0 target=Target Dummy damage=18
[00:44:53.505] Bullet OnHitNPC. projId=0 target=Target Dummy damage=18
[00:44:53.772] Bullet OnHitNPC. projId=0 target=Target Dummy damage=18
[00:44:54.008] Bullet OnHitNPC. projId=0 target=Target Dummy damage=36
[00:44:54.408] Bullet OnHitNPC. projId=0 target=Target Dummy damage=18
[00:44:54.609] Bullet OnHitNPC. projId=0 target=Target Dummy damage=18
[00:44:54.809] Bullet OnHitNPC. projId=0 target=Target Dummy damage=18
[00:44:55.439] Bullet OnHitNPC. projId=0 target=Target Dummy damage=18
[00:44:55.639] Bullet OnHitNPC. projId=0 target=Target Dummy damage=18
[00:44:55.857] Bullet OnHitNPC. projId=0 target=Target Dummy damage=18
[00:44:56.105] Bullet OnHitNPC. projId=0 target=Target Dummy damage=18
[00:44:56.287] Bullet OnHitNPC. projId=0 target=Target Dummy damage=18
[00:44:56.505] Bullet OnHitNPC. projId=0 target=Target Dummy damage=18
[00:44:56.706] Bullet OnHitNPC. projId=0 target=Target Dummy damage=18
[00:44:56.924] Bullet OnHitNPC. projId=0 target=Target Dummy damage=18
[00:44:57.124] Bullet OnHitNPC. projId=0 target=Target Dummy damage=18
---- Diagnostic Log Start 2026-02-03 00:50:44 ----
[00:50:55.026] Bullet OnHitNPC. projId=0 target=Target Dummy damage=56
[00:50:55.794] Bullet OnHitNPC. projId=0 target=Target Dummy damage=28
[00:50:56.188] Bullet OnHitNPC. projId=0 target=Target Dummy damage=28
[00:50:56.503] Bullet OnHitNPC. projId=0 target=Target Dummy damage=28
[00:51:02.387] Bullet OnHitNPC. projId=0 target=Target Dummy damage=18
[00:51:02.660] Bullet OnHitNPC. projId=1 target=Target Dummy damage=18
[00:51:03.284] Bullet OnHitNPC. projId=0 target=Target Dummy damage=18
[00:51:03.636] Bullet OnHitNPC. projId=0 target=Target Dummy damage=18
[00:51:03.951] Bullet OnHitNPC. projId=0 target=Target Dummy damage=18
[00:51:04.169] Bullet OnHitNPC. projId=0 target=Target Dummy damage=18
[00:51:06.987] Bullet OnHitNPC. projId=0 target=Target Dummy damage=18
[00:51:08.551] Bullet OnHitNPC. projId=0 target=Target Dummy damage=32
[00:51:09.084] Bullet OnHitNPC. projId=0 target=Target Dummy damage=32
[00:51:09.636] Bullet OnHitNPC. projId=0 target=Target Dummy damage=32
[00:51:10.817] Bullet OnHitNPC. projId=0 target=Target Dummy damage=28
[00:51:11.205] Bullet OnHitNPC. projId=0 target=Target Dummy damage=56
[00:51:11.569] Bullet OnHitNPC. projId=0 target=Target Dummy damage=28
[00:51:16.241] Bullet OnHitNPC. projId=0 target=Blue Slime damage=42
[00:51:16.642] Bullet OnHitNPC. projId=0 target=Blue Slime damage=28
[00:51:17.254] Bullet OnHitNPC. projId=0 target=Target Dummy damage=28
[00:51:17.739] Bullet OnHitNPC. projId=0 target=Target Dummy damage=28
[00:51:18.236] Bullet OnHitNPC. projId=0 target=Pinky damage=28
[00:51:18.684] Bullet OnHitNPC. projId=0 target=Pinky damage=28
[00:51:19.121] Bullet OnHitNPC. projId=0 target=Pinky damage=28
[00:51:19.672] Bullet OnHitNPC. projId=0 target=Purple Slime damage=41
[00:51:21.017] Bullet OnHitNPC. projId=0 target=Target Dummy damage=28
---- Diagnostic Log Start 2026-02-03 00:57:04 ----
[00:57:16.422] Bullet OnHitNPC. projId=0 target=Target Dummy damage=56
[00:57:16.657] Bullet OnHitNPC. projId=0 target=Target Dummy damage=56
[00:57:17.839] Bullet OnHitNPC. projId=1 target=Target Dummy damage=28
[00:57:22.772] Bullet OnHitNPC. projId=1 target=Target Dummy damage=15
[00:57:23.591] Bullet OnHitNPC. projId=0 target=Target Dummy damage=28
[00:57:24.524] Bullet OnHitNPC. projId=0 target=Target Dummy damage=28
[00:57:27.221] Bullet OnHitNPC. projId=1 target=Target Dummy damage=17
[00:57:27.608] Bullet OnHitNPC. projId=0 target=Target Dummy damage=18
[00:57:27.705] Bullet OnHitNPC. projId=0 target=Target Dummy damage=18
[00:57:27.798] Bullet OnHitNPC. projId=0 target=Target Dummy damage=18
[00:57:27.990] Bullet OnHitNPC. projId=1 target=Target Dummy damage=18
---- Diagnostic Log Start 2026-02-03 01:03:30 ----
---- Diagnostic Log Start 2026-02-03 01:03:39 ----
[01:03:46.800] Bullet OnHitNPC. projId=0 target=Target Dummy damage=28
[01:03:47.036] Bullet OnHitNPC. projId=0 target=Target Dummy damage=28
[01:03:48.200] Bullet OnHitNPC. projId=1 target=Target Dummy damage=28
[01:03:51.684] Bullet OnHitNPC. projId=2 target=Target Dummy damage=32
[01:03:52.120] Bullet OnHitNPC. projId=2 target=Target Dummy damage=32
---- Diagnostic Log Start 2026-02-03 01:12:24 ----
---- Diagnostic Log Start 2026-02-03 01:15:21 ----
---- Diagnostic Log Start 2026-02-03 01:16:39 ----
---- Diagnostic Log Start 2026-02-03 01:19:51 ----
[01:20:00.368] Bullet OnHitNPC. projId=0 target=Target Dummy damage=28
[01:20:00.604] Bullet OnHitNPC. projId=0 target=Target Dummy damage=28
[01:20:01.301] Bullet OnHitNPC. projId=1 target=Target Dummy damage=28
[01:20:04.767] Bullet OnHitNPC. projId=0 target=Target Dummy damage=28
[01:20:06.233] Bullet OnHitNPC. projId=0 target=Target Dummy damage=32
[01:20:07.918] Bullet OnHitNPC. projId=0 target=Target Dummy damage=18
[01:20:10.603] Bullet OnHitNPC. projId=0 target=Target Dummy damage=32
[01:20:10.652] Bullet OnHitNPC. projId=1 target=Target Dummy damage=32
[01:20:11.785] Bullet OnHitNPC. projId=1 target=Target Dummy damage=32
[01:20:13.433] Bullet OnHitNPC. projId=1 target=Target Dummy damage=32
[01:20:22.251] Bullet OnHitNPC. projId=0 target=Target Dummy damage=32
[01:20:22.918] Bullet OnHitNPC. projId=1 target=Target Dummy damage=32
[01:20:25.403] Bullet OnHitNPC. projId=0 target=Target Dummy damage=32
[01:20:25.833] Bullet OnHitNPC. projId=0 target=Target Dummy damage=32
[01:20:27.221] Bullet OnHitNPC. projId=0 target=Target Dummy damage=32
---- Diagnostic Log Start 2026-02-03 01:25:05 ----
[01:25:15.547] Bullet OnHitNPC. projId=1 target=Target Dummy damage=28
[01:25:16.395] Bullet OnHitNPC. projId=0 target=Target Dummy damage=28
---- Diagnostic Log Start 2026-02-03 15:10:39 ----
---- Diagnostic Log Start 2026-02-03 15:10:47 ----
---- Diagnostic Log Start 2026-02-03 16:46:52 ----
---- Diagnostic Log Start 2026-02-03 17:33:24 ----
---- Diagnostic Log Start 2026-02-03 17:33:35 ----
---- Diagnostic Log Start 2026-02-03 19:37:47 ----
---- Diagnostic Log Start 2026-02-03 19:38:01 ----
---- Diagnostic Log Start 2026-02-03 19:40:29 ----
---- Diagnostic Log Start 2026-02-03 19:40:37 ----
---- Diagnostic Log Start 2026-02-03 19:48:53 ----
---- Diagnostic Log Start 2026-02-03 19:57:25 ----
---- Diagnostic Log Start 2026-02-03 19:58:47 ----
---- Diagnostic Log Start 2026-02-03 20:02:58 ----
---- Diagnostic Log Start 2026-02-03 20:04:50 ----
---- Diagnostic Log Start 2026-02-03 20:06:01 ----
---- Diagnostic Log Start 2026-02-04 00:46:42 ----
---- Diagnostic Log Start 2026-02-04 00:47:46 ----
---- Diagnostic Log Start 2026-02-04 00:49:50 ----
---- Diagnostic Log Start 2026-02-04 00:52:46 ----
[00:55:39.596] RightChoice shot count=1/7
[00:55:39.597] EyesUp TryConsume failed: stacks=0
[00:55:39.693] RightChoice shot count=2/7
[00:55:39.694] EyesUp TryConsume failed: stacks=0
[00:55:39.796] RightChoice shot count=3/7
[00:55:39.797] EyesUp TryConsume failed: stacks=0
[00:55:39.893] RightChoice shot count=4/7
[00:55:39.894] EyesUp TryConsume failed: stacks=0
[00:55:39.996] RightChoice shot count=5/7
[00:55:39.997] EyesUp TryConsume failed: stacks=0
[00:55:40.093] RightChoice shot count=6/7
[00:55:40.094] EyesUp TryConsume failed: stacks=0
[00:55:40.197] RightChoice shot count=7/7
[00:55:40.198] RightChoice: 7th shot reached! Ricochet ARMED!
[00:55:40.198] EyesUp TryConsume failed: stacks=0
[00:55:40.295] RightChoice shot count=1/7
[00:55:40.295] EyesUp TryConsume failed: stacks=0
[00:55:40.397] RightChoice shot count=2/7
[00:55:40.397] EyesUp TryConsume failed: stacks=0
[00:55:40.493] RightChoice shot count=3/7
[00:55:40.494] EyesUp TryConsume failed: stacks=0
[00:55:46.930] RightChoice shot count=4/7
[00:55:46.930] EyesUp TryConsume failed: stacks=0
[00:55:47.026] RightChoice shot count=5/7
[00:55:47.027] EyesUp TryConsume failed: stacks=0
[00:55:47.130] RightChoice shot count=6/7
[00:55:47.130] EyesUp TryConsume failed: stacks=0
[00:55:47.227] RightChoice shot count=7/7
[00:55:47.227] RightChoice: 7th shot reached! Ricochet ARMED!
[00:55:47.227] EyesUp TryConsume failed: stacks=0
[00:55:47.228] TryRicochet ENTER. proj=0 target=4
[00:55:47.228] TryRicochet searching for target. fromNpc=4 (Super Dummy) range=480 targetCenter={X:32569 Y:4119}
[00:55:47.229] TryRicochet: Found target! npc=3 (Super Dummy)
[00:55:47.229] TryRicochet: SUCCESS! Ricochet spawned projId=1 -> targetNpc=3 (Super Dummy) damage=78
[00:55:47.329] RightChoice shot count=1/7
[00:55:47.330] EyesUp TryConsume failed: stacks=0
[00:55:47.426] RightChoice shot count=2/7
[00:55:47.427] EyesUp TryConsume failed: stacks=0
[00:55:47.529] RightChoice shot count=3/7
[00:55:47.530] EyesUp TryConsume failed: stacks=0
[00:55:47.809] RightChoice shot count=4/7
[00:55:47.809] EyesUp TryConsume failed: stacks=0
[00:55:47.911] RightChoice shot count=5/7
[00:55:47.912] EyesUp TryConsume failed: stacks=0
[00:55:48.008] RightChoice shot count=6/7
[00:55:48.009] EyesUp TryConsume failed: stacks=0
[00:55:48.111] RightChoice shot count=7/7
[00:55:48.112] RightChoice: 7th shot reached! Ricochet ARMED!
[00:55:48.112] EyesUp TryConsume failed: stacks=0
[00:55:48.112] TryRicochet ENTER. proj=0 target=4
[00:55:48.113] TryRicochet searching for target. fromNpc=4 (Super Dummy) range=480 targetCenter={X:32569 Y:4119}
[00:55:48.113] TryRicochet: Found target! npc=3 (Super Dummy)
[00:55:48.113] TryRicochet: SUCCESS! Ricochet spawned projId=1 -> targetNpc=3 (Super Dummy) damage=45
[00:55:48.208] RightChoice shot count=1/7
[00:55:48.209] EyesUp TryConsume failed: stacks=0
[00:55:48.311] RightChoice shot count=2/7
[00:55:48.312] EyesUp TryConsume failed: stacks=0
[00:55:48.408] RightChoice shot count=3/7
[00:55:48.409] EyesUp TryConsume failed: stacks=0
[00:55:48.511] RightChoice shot count=4/7
[00:55:48.512] EyesUp TryConsume failed: stacks=0
[00:55:48.608] RightChoice shot count=5/7
[00:55:48.609] EyesUp TryConsume failed: stacks=0
[00:55:48.712] RightChoice shot count=6/7
[00:55:48.712] EyesUp TryConsume failed: stacks=0
[00:55:48.808] RightChoice shot count=7/7
[00:55:48.809] RightChoice: 7th shot reached! Ricochet ARMED!
[00:55:48.809] EyesUp TryConsume failed: stacks=0
[00:55:48.809] TryRicochet ENTER. proj=0 target=4
[00:55:48.810] TryRicochet searching for target. fromNpc=4 (Super Dummy) range=480 targetCenter={X:32569 Y:4119}
[00:55:48.810] TryRicochet: Found target! npc=3 (Super Dummy)
[00:55:48.810] TryRicochet: SUCCESS! Ricochet spawned projId=1 -> targetNpc=3 (Super Dummy) damage=45
[00:55:48.911] RightChoice shot count=1/7
[00:55:48.912] EyesUp TryConsume failed: stacks=0
[00:55:49.094] RightChoice shot count=2/7
[00:55:49.094] EyesUp TryConsume failed: stacks=0
[00:55:49.196] RightChoice shot count=3/7
[00:55:49.196] EyesUp TryConsume failed: stacks=0
[00:55:49.293] RightChoice shot count=4/7
[00:55:49.294] EyesUp TryConsume failed: stacks=0
[00:55:49.396] RightChoice shot count=5/7
[00:55:49.397] EyesUp TryConsume failed: stacks=0
[00:55:49.493] RightChoice shot count=6/7
[00:55:49.494] EyesUp TryConsume failed: stacks=0
[00:55:49.596] RightChoice shot count=7/7
[00:55:49.597] RightChoice: 7th shot reached! Ricochet ARMED!
[00:55:49.597] EyesUp TryConsume failed: stacks=0
[00:55:49.693] RightChoice shot count=1/7
[00:55:49.694] EyesUp TryConsume failed: stacks=0
[00:55:49.796] RightChoice shot count=2/7
[00:55:49.797] EyesUp TryConsume failed: stacks=0
[00:55:49.893] RightChoice shot count=3/7
[00:55:49.894] EyesUp TryConsume failed: stacks=0
[00:55:50.075] RightChoice shot count=4/7
[00:55:50.075] EyesUp TryConsume failed: stacks=0
[00:55:50.178] RightChoice shot count=5/7
[00:55:50.178] EyesUp TryConsume failed: stacks=0
[00:55:50.275] RightChoice shot count=6/7
[00:55:50.276] EyesUp TryConsume failed: stacks=0
[00:55:50.378] RightChoice shot count=7/7
[00:55:50.378] RightChoice: 7th shot reached! Ricochet ARMED!
[00:55:50.379] EyesUp TryConsume failed: stacks=0
[00:55:50.379] TryRicochet ENTER. proj=0 target=4
[00:55:50.379] TryRicochet searching for target. fromNpc=4 (Super Dummy) range=480 targetCenter={X:32569 Y:4119}
[00:55:50.380] TryRicochet: Found target! npc=3 (Super Dummy)
[00:55:50.380] TryRicochet: SUCCESS! Ricochet spawned projId=1 -> targetNpc=3 (Super Dummy) damage=45
[00:55:50.475] RightChoice shot count=1/7
[00:55:50.475] EyesUp TryConsume failed: stacks=0
[00:55:50.578] RightChoice shot count=2/7
[00:55:50.578] EyesUp TryConsume failed: stacks=0
[00:55:50.675] RightChoice shot count=3/7
[00:55:50.675] EyesUp TryConsume failed: stacks=0
[00:55:53.102] EyesUp hook triggered: OnConsumeItem Player=0
[00:55:53.102] EyesUp stacks GRANTED! Added=7 OldTotal=0 NewTotal=7 Frame=1536
[00:55:56.112] RightChoice shot count=4/7
[00:55:56.112] EyesUp stacks consumed. Remaining=6
[00:55:56.208] RightChoice shot count=5/7
[00:55:56.209] EyesUp stacks consumed. Remaining=5
[00:55:56.311] RightChoice shot count=6/7
[00:55:56.312] EyesUp stacks consumed. Remaining=4
[00:55:56.408] RightChoice shot count=7/7
[00:55:56.409] RightChoice: 7th shot reached! Ricochet ARMED!
[00:55:56.409] EyesUp stacks consumed. Remaining=3
[00:55:56.511] RightChoice shot count=1/7
[00:55:56.512] EyesUp stacks consumed. Remaining=2
[00:55:56.608] RightChoice shot count=2/7
[00:55:56.609] EyesUp stacks consumed. Remaining=1
[00:55:56.711] RightChoice shot count=3/7
[00:55:56.712] EyesUp stacks consumed. Remaining=0
[00:55:56.808] RightChoice shot count=4/7
[00:55:56.809] EyesUp TryConsume failed: stacks=0
[00:55:56.911] RightChoice shot count=5/7
[00:55:56.912] EyesUp TryConsume failed: stacks=0
[00:55:57.008] RightChoice shot count=6/7
[00:55:57.009] EyesUp TryConsume failed: stacks=0
[00:55:57.111] RightChoice shot count=7/7
[00:55:57.112] RightChoice: 7th shot reached! Ricochet ARMED!
[00:55:57.112] EyesUp TryConsume failed: stacks=0
[00:55:57.208] RightChoice shot count=1/7
[00:55:57.209] EyesUp TryConsume failed: stacks=0
[00:55:59.942] RightChoice shot count=2/7
[00:55:59.942] EyesUp TryConsume failed: stacks=0
[00:56:00.044] RightChoice shot count=3/7
[00:56:00.045] EyesUp TryConsume failed: stacks=0
[00:56:00.141] RightChoice shot count=4/7
[00:56:00.142] EyesUp TryConsume failed: stacks=0
[00:56:00.245] RightChoice shot count=5/7
[00:56:00.245] EyesUp TryConsume failed: stacks=0
[00:56:00.342] RightChoice shot count=6/7
[00:56:00.342] EyesUp TryConsume failed: stacks=0
[00:56:00.445] RightChoice shot count=7/7
[00:56:00.445] RightChoice: 7th shot reached! Ricochet ARMED!
[00:56:00.445] EyesUp TryConsume failed: stacks=0
[00:56:00.446] TryRicochet ENTER. proj=0 target=4
[00:56:00.446] TryRicochet searching for target. fromNpc=4 (Super Dummy) range=480 targetCenter={X:32569 Y:4119}
[00:56:00.446] TryRicochet: Found target! npc=3 (Super Dummy)
[00:56:00.446] TryRicochet: SUCCESS! Ricochet spawned projId=1 -> targetNpc=3 (Super Dummy) damage=45
[00:56:00.542] RightChoice shot count=1/7
[00:56:00.542] EyesUp TryConsume failed: stacks=0
[00:56:00.645] RightChoice shot count=2/7
[00:56:00.645] EyesUp TryConsume failed: stacks=0
[00:56:00.741] RightChoice shot count=3/7
[00:56:00.742] EyesUp TryConsume failed: stacks=0
[00:56:00.844] RightChoice shot count=4/7
[00:56:00.845] EyesUp TryConsume failed: stacks=0
[00:56:00.942] RightChoice shot count=5/7
[00:56:00.942] EyesUp TryConsume failed: stacks=0
[00:56:01.045] RightChoice shot count=6/7
[00:56:01.045] EyesUp TryConsume failed: stacks=0
[00:56:01.141] RightChoice shot count=7/7
[00:56:01.142] RightChoice: 7th shot reached! Ricochet ARMED!
[00:56:01.142] EyesUp TryConsume failed: stacks=0
[00:56:01.142] TryRicochet ENTER. proj=0 target=4
[00:56:01.143] TryRicochet searching for target. fromNpc=4 (Super Dummy) range=480 targetCenter={X:32569 Y:4119}
[00:56:01.143] TryRicochet: Found target! npc=3 (Super Dummy)
[00:56:01.143] TryRicochet: SUCCESS! Ricochet spawned projId=1 -> targetNpc=3 (Super Dummy) damage=45
[00:56:01.245] RightChoice shot count=1/7
[00:56:01.245] EyesUp TryConsume failed: stacks=0
[00:56:01.342] RightChoice shot count=2/7
[00:56:01.342] EyesUp TryConsume failed: stacks=0
[00:56:01.445] RightChoice shot count=3/7
[00:56:01.445] EyesUp TryConsume failed: stacks=0
[00:56:01.542] RightChoice shot count=4/7
[00:56:01.542] EyesUp TryConsume failed: stacks=0
[00:56:01.644] RightChoice shot count=5/7
[00:56:01.645] EyesUp TryConsume failed: stacks=0
[00:56:01.741] RightChoice shot count=6/7
[00:56:01.742] EyesUp TryConsume failed: stacks=0
[00:56:01.845] RightChoice shot count=7/7
[00:56:01.845] RightChoice: 7th shot reached! Ricochet ARMED!
[00:56:01.845] EyesUp TryConsume failed: stacks=0
[00:56:01.941] RightChoice shot count=1/7
[00:56:01.942] EyesUp TryConsume failed: stacks=0
[00:56:02.045] RightChoice shot count=2/7
[00:56:02.045] EyesUp TryConsume failed: stacks=0
[00:56:02.142] RightChoice shot count=3/7
[00:56:02.142] EyesUp TryConsume failed: stacks=0
[00:56:02.244] RightChoice shot count=4/7
[00:56:02.245] EyesUp TryConsume failed: stacks=0
[00:56:02.341] RightChoice shot count=5/7
[00:56:02.342] EyesUp TryConsume failed: stacks=0
[00:56:02.444] RightChoice shot count=6/7
[00:56:02.445] EyesUp TryConsume failed: stacks=0
[00:56:02.542] RightChoice shot count=7/7
[00:56:02.542] RightChoice: 7th shot reached! Ricochet ARMED!
[00:56:02.542] EyesUp TryConsume failed: stacks=0
[00:56:02.543] TryRicochet ENTER. proj=0 target=4
[00:56:02.543] TryRicochet searching for target. fromNpc=4 (Super Dummy) range=480 targetCenter={X:32569 Y:4119}
[00:56:02.543] TryRicochet: Found target! npc=3 (Super Dummy)
[00:56:02.543] TryRicochet: SUCCESS! Ricochet spawned projId=1 -> targetNpc=3 (Super Dummy) damage=90
[00:56:02.645] RightChoice shot count=1/7
[00:56:02.645] EyesUp TryConsume failed: stacks=0
[00:56:02.741] RightChoice shot count=2/7
[00:56:02.742] EyesUp TryConsume failed: stacks=0
[00:56:02.844] RightChoice shot count=3/7
[00:56:02.845] EyesUp TryConsume failed: stacks=0
[00:56:49.826] EyesUp TryConsume failed: stacks=0
---- Diagnostic Log Start 2026-02-04 00:59:20 ----
---- Diagnostic Log Start 2026-02-04 00:59:47 ----
[01:06:25.314] RightChoice shot count=1/7
[01:06:25.314] EyesUp TryConsume failed: stacks=0
[01:06:26.665] RightChoice shot count=2/7
[01:06:26.665] EyesUp TryConsume failed: stacks=0
[01:06:26.762] RightChoice shot count=3/7
[01:06:26.762] EyesUp TryConsume failed: stacks=0
[01:06:26.865] RightChoice shot count=4/7
[01:06:26.865] EyesUp TryConsume failed: stacks=0
[01:06:26.962] RightChoice shot count=5/7
[01:06:26.962] EyesUp TryConsume failed: stacks=0
[01:06:27.065] RightChoice shot count=6/7
[01:06:27.065] EyesUp TryConsume failed: stacks=0
[01:06:27.162] RightChoice shot count=7/7
[01:06:27.162] RightChoice: 7th shot reached! Ricochet ARMED!
[01:06:27.164] EyesUp TryConsume failed: stacks=0
[01:06:27.265] RightChoice shot count=1/7
[01:06:27.265] EyesUp TryConsume failed: stacks=0
[01:06:27.362] RightChoice shot count=2/7
[01:06:27.362] EyesUp TryConsume failed: stacks=0
[01:06:27.465] RightChoice shot count=3/7
[01:06:27.465] EyesUp TryConsume failed: stacks=0
---- Diagnostic Log Start 2026-02-04 01:17:57 ----
---- Diagnostic Log Start 2026-02-04 01:24:20 ----
---- Diagnostic Log Start 2026-02-04 01:28:13 ----
---- Diagnostic Log Start 2026-02-04 01:36:31 ----
---- Diagnostic Log Start 2026-02-04 01:36:55 ----
---- Diagnostic Log Start 2026-02-04 01:42:53 ----
---- Diagnostic Log Start 2026-02-04 01:43:48 ----
---- Diagnostic Log Start 2026-02-04 01:47:58 ----
---- Diagnostic Log Start 2026-02-04 01:56:50 ----
---- Diagnostic Log Start 2026-02-04 02:06:54 ----
---- Diagnostic Log Start 2026-02-04 02:08:31 ----
---- Diagnostic Log Start 2026-02-04 02:36:06 ----
---- Diagnostic Log Start 2026-02-04 02:36:42 ----
---- Diagnostic Log Start 2026-02-04 02:42:40 ----
---- Diagnostic Log Start 2026-02-04 02:44:24 ----
---- Diagnostic Log Start 2026-02-04 02:48:14 ----
---- Diagnostic Log Start 2026-02-04 02:49:06 ----
---- Diagnostic Log Start 2026-02-04 02:50:23 ----
[02:51:27.290] EyesUp TryConsume failed: stacks=0
[02:51:41.644] EyesUp hook triggered: GetHealLife Player=0
[02:51:41.644] EyesUp stacks GRANTED! Added=7 OldTotal=0 NewTotal=7 Frame=4387
[02:51:41.651] EyesUp hook triggered: GetHealLife Player=0
[02:51:41.651] EyesUp grant skipped (already granted this frame). Frame=4387
---- Diagnostic Log Start 2026-02-04 02:55:18 ----
---- Diagnostic Log Start 2026-02-04 02:57:08 ----
[02:57:47.833] Perk diagnostics enabled.
[02:57:49.130] Perk diagnostics disabled.
[02:57:52.167] Perk diagnostics enabled.
[02:57:54.349] Armor-Piercing Rounds applied. projId=0 penetrate=2
[02:57:54.349] PerkProj.OnSpawn projId=0 type=1022 source=EntitySource_ItemUse_WithAmmo weapon=Breakneck hasRightChoice=False isRightChoiceShot=False hasEyesUp=False isEyesUpShot=False isEyesUpRicochet=False chainId=0 remaining=0
[02:57:56.900] Armor-Piercing Rounds applied. projId=0 penetrate=2
[02:57:56.901] PerkProj.OnSpawn projId=0 type=1022 source=EntitySource_ItemUse_WithAmmo weapon=Breakneck hasRightChoice=False isRightChoiceShot=False hasEyesUp=False isEyesUpShot=False isEyesUpRicochet=False chainId=0 remaining=0
[02:57:57.500] Armor-Piercing Rounds applied. projId=0 penetrate=2
[02:57:57.501] PerkProj.OnSpawn projId=0 type=1022 source=EntitySource_ItemUse_WithAmmo weapon=Breakneck hasRightChoice=False isRightChoiceShot=False hasEyesUp=False isEyesUpShot=False isEyesUpRicochet=False chainId=0 remaining=0
[02:57:58.997] Perk diagnostics disabled.
---- Diagnostic Log Start 2026-02-04 03:08:14 ----
[03:08:50.090] EyesUp TryConsume failed: stacks=0
---- Diagnostic Log Start 2026-02-04 03:12:19 ----
---- Diagnostic Log Start 2026-02-04 03:19:38 ----
---- Diagnostic Log Start 2026-02-04 03:24:37 ----
---- Diagnostic Log Start 2026-02-04 03:25:17 ----
[03:28:40.604] EyesUp TryConsume failed: stacks=0
[03:28:41.040] EyesUp TryConsume failed: stacks=0
[03:28:41.707] EyesUp TryConsume failed: stacks=0
[03:28:42.537] EyesUp TryConsume failed: stacks=0
---- Diagnostic Log Start 2026-02-04 03:30:25 ----
---- Diagnostic Log Start 2026-02-04 03:30:53 ----
---- Diagnostic Log Start 2026-02-04 03:34:08 ----
---- Diagnostic Log Start 2026-02-04 03:35:15 ----
---- Diagnostic Log Start 2026-02-04 03:40:20 ----
[03:41:03.103] Perk diagnostics enabled.
[03:41:05.037] PerkProj.OnSpawn projId=0 type=1022 source=EntitySource_ItemUse_WithAmmo weapon=Eyasluna hasRightChoice=False isRightChoiceShot=False hasEyesUp=False isEyesUpShot=False isEyesUpRicochet=False chainId=0 remaining=0
[03:41:05.655] PerkProj.OnSpawn projId=0 type=1022 source=EntitySource_ItemUse_WithAmmo weapon=Eyasluna hasRightChoice=False isRightChoiceShot=False hasEyesUp=False isEyesUpShot=False isEyesUpRicochet=False chainId=0 remaining=0
[03:41:09.606] PerkProj.OnSpawn projId=0 type=1022 source=EntitySource_ItemUse_WithAmmo weapon=Eyasluna hasRightChoice=False isRightChoiceShot=False hasEyesUp=False isEyesUpShot=False isEyesUpRicochet=False chainId=0 remaining=0
[03:41:10.055] PerkProj.OnSpawn projId=0 type=1022 source=EntitySource_ItemUse_WithAmmo weapon=Eyasluna hasRightChoice=False isRightChoiceShot=False hasEyesUp=False isEyesUpShot=False isEyesUpRicochet=False chainId=0 remaining=0
[03:41:10.521] PerkProj.OnSpawn projId=0 type=1022 source=EntitySource_ItemUse_WithAmmo weapon=Eyasluna hasRightChoice=False isRightChoiceShot=False hasEyesUp=False isEyesUpShot=False isEyesUpRicochet=False chainId=0 remaining=0
[03:41:10.970] PerkProj.OnSpawn projId=0 type=1022 source=EntitySource_ItemUse_WithAmmo weapon=Eyasluna hasRightChoice=False isRightChoiceShot=False hasEyesUp=False isEyesUpShot=False isEyesUpRicochet=False chainId=0 remaining=0
[03:41:11.570] PerkProj.OnSpawn projId=0 type=1022 source=EntitySource_ItemUse_WithAmmo weapon=Eyasluna hasRightChoice=False isRightChoiceShot=False hasEyesUp=False isEyesUpShot=False isEyesUpRicochet=False chainId=0 remaining=0
[03:41:11.571] ProcessHit projId=0 target=Target Dummy damage=32 isKill=False hasIncandescent=False
[03:41:12.006] PerkProj.OnSpawn projId=0 type=1022 source=EntitySource_ItemUse_WithAmmo weapon=Eyasluna hasRightChoice=False isRightChoiceShot=False hasEyesUp=False isEyesUpShot=False isEyesUpRicochet=False chainId=0 remaining=0
[03:41:12.007] ProcessHit projId=0 target=Target Dummy damage=32 isKill=False hasIncandescent=False
[03:41:12.455] PerkProj.OnSpawn projId=0 type=1022 source=EntitySource_ItemUse_WithAmmo weapon=Eyasluna hasRightChoice=False isRightChoiceShot=False hasEyesUp=False isEyesUpShot=False isEyesUpRicochet=False chainId=0 remaining=0
[03:41:12.988] PerkProj.OnSpawn projId=0 type=1022 source=EntitySource_ItemUse_WithAmmo weapon=Eyasluna hasRightChoice=False isRightChoiceShot=False hasEyesUp=False isEyesUpShot=False isEyesUpRicochet=False chainId=0 remaining=0
[03:41:12.989] ProcessHit projId=0 target=Target Dummy damage=32 isKill=False hasIncandescent=False
[03:41:14.703] PerkProj.OnSpawn projId=0 type=1022 source=EntitySource_ItemUse_WithAmmo weapon=Eyasluna hasRightChoice=False isRightChoiceShot=False hasEyesUp=False isEyesUpShot=False isEyesUpRicochet=False chainId=0 remaining=0
[03:41:14.704] ProcessHit projId=0 target=Super Dummy damage=32 isKill=False hasIncandescent=False
[03:41:15.152] PerkProj.OnSpawn projId=0 type=1022 source=EntitySource_ItemUse_WithAmmo weapon=Eyasluna hasRightChoice=False isRightChoiceShot=False hasEyesUp=False isEyesUpShot=False isEyesUpRicochet=False chainId=0 remaining=0
[03:41:15.152] ProcessHit projId=0 target=Super Dummy damage=57 isKill=False hasIncandescent=False
[03:41:15.788] PerkProj.OnSpawn projId=0 type=1022 source=EntitySource_ItemUse_WithAmmo weapon=Eyasluna hasRightChoice=False isRightChoiceShot=False hasEyesUp=False isEyesUpShot=False isEyesUpRicochet=False chainId=0 remaining=0
[03:41:16.570] PerkProj.OnSpawn projId=0 type=1022 source=EntitySource_ItemUse_WithAmmo weapon=Eyasluna hasRightChoice=False isRightChoiceShot=False hasEyesUp=False isEyesUpShot=False isEyesUpRicochet=False chainId=0 remaining=0
[03:41:17.006] PerkProj.OnSpawn projId=0 type=1022 source=EntitySource_ItemUse_WithAmmo weapon=Eyasluna hasRightChoice=False isRightChoiceShot=False hasEyesUp=False isEyesUpShot=False isEyesUpRicochet=False chainId=0 remaining=0
[03:41:20.521] PerkProj.OnSpawn projId=0 type=1022 source=EntitySource_ItemUse_WithAmmo weapon=Eyasluna hasRightChoice=False isRightChoiceShot=False hasEyesUp=False isEyesUpShot=False isEyesUpRicochet=False chainId=0 remaining=0
[03:41:20.522] ProcessHit projId=0 target=Super Dummy damage=32 isKill=False hasIncandescent=False
[03:41:20.952] PerkProj.OnSpawn projId=0 type=1022 source=EntitySource_ItemUse_WithAmmo weapon=Eyasluna hasRightChoice=False isRightChoiceShot=False hasEyesUp=False isEyesUpShot=False isEyesUpRicochet=False chainId=0 remaining=0
[03:41:20.953] ProcessHit projId=0 target=Super Dummy damage=32 isKill=False hasIncandescent=False
[03:41:21.388] PerkProj.OnSpawn projId=0 type=1022 source=EntitySource_ItemUse_WithAmmo weapon=Eyasluna hasRightChoice=False isRightChoiceShot=False hasEyesUp=False isEyesUpShot=False isEyesUpRicochet=False chainId=0 remaining=0
[03:41:21.921] PerkProj.OnSpawn projId=0 type=1022 source=EntitySource_ItemUse_WithAmmo weapon=Eyasluna hasRightChoice=False isRightChoiceShot=False hasEyesUp=False isEyesUpShot=False isEyesUpRicochet=False chainId=0 remaining=0
[03:41:21.922] ProcessHit projId=0 target=Super Dummy damage=32 isKill=False hasIncandescent=False
[03:41:22.370] PerkProj.OnSpawn projId=0 type=1022 source=EntitySource_ItemUse_WithAmmo weapon=Eyasluna hasRightChoice=False isRightChoiceShot=False hasEyesUp=False isEyesUpShot=False isEyesUpRicochet=False chainId=0 remaining=0
[03:41:22.371] ProcessHit projId=0 target=Super Dummy damage=32 isKill=False hasIncandescent=False
[03:41:22.873] PerkProj.OnSpawn projId=0 type=1022 source=EntitySource_ItemUse_WithAmmo weapon=Eyasluna hasRightChoice=False isRightChoiceShot=False hasEyesUp=False isEyesUpShot=False isEyesUpRicochet=False chainId=0 remaining=0
[03:41:22.874] ProcessHit projId=0 target=Super Dummy damage=32 isKill=False hasIncandescent=False
[03:41:23.370] PerkProj.OnSpawn projId=0 type=1022 source=EntitySource_ItemUse_WithAmmo weapon=Eyasluna hasRightChoice=False isRightChoiceShot=False hasEyesUp=False isEyesUpShot=False isEyesUpRicochet=False chainId=0 remaining=0
[03:41:23.371] ProcessHit projId=0 target=Super Dummy damage=32 isKill=False hasIncandescent=False
[03:41:23.873] PerkProj.OnSpawn projId=0 type=1022 source=EntitySource_ItemUse_WithAmmo weapon=Eyasluna hasRightChoice=False isRightChoiceShot=False hasEyesUp=False isEyesUpShot=False isEyesUpRicochet=False chainId=0 remaining=0
[03:41:23.874] ProcessHit projId=0 target=Super Dummy damage=32 isKill=False hasIncandescent=False
[03:41:27.103] PerkProj.OnSpawn projId=0 type=1022 source=EntitySource_ItemUse_WithAmmo weapon=Eyasluna hasRightChoice=False isRightChoiceShot=False hasEyesUp=False isEyesUpShot=False isEyesUpRicochet=False chainId=0 remaining=0
[03:41:28.388] PerkProj.OnSpawn projId=0 type=1022 source=EntitySource_ItemUse_WithAmmo weapon=Eyasluna hasRightChoice=False isRightChoiceShot=False hasEyesUp=False isEyesUpShot=False isEyesUpRicochet=False chainId=0 remaining=0
[03:41:28.389] ProcessHit projId=0 target=Super Dummy damage=32 isKill=False hasIncandescent=False
[03:41:29.237] PerkProj.OnSpawn projId=0 type=1022 source=EntitySource_ItemUse_WithAmmo weapon=Eyasluna hasRightChoice=False isRightChoiceShot=False hasEyesUp=False isEyesUpShot=False isEyesUpRicochet=False chainId=0 remaining=0
[03:41:29.237] ProcessHit projId=0 target=Super Dummy damage=32 isKill=False hasIncandescent=False
[03:41:30.570] PerkProj.OnSpawn projId=0 type=1022 source=EntitySource_ItemUse_WithAmmo weapon=Eyasluna hasRightChoice=False isRightChoiceShot=False hasEyesUp=False isEyesUpShot=False isEyesUpRicochet=False chainId=0 remaining=0
[03:41:30.570] ProcessHit projId=0 target=Super Dummy damage=32 isKill=False hasIncandescent=False
[03:41:31.521] PerkProj.OnSpawn projId=0 type=1022 source=EntitySource_ItemUse_WithAmmo weapon=Eyasluna hasRightChoice=False isRightChoiceShot=False hasEyesUp=False isEyesUpShot=False isEyesUpRicochet=False chainId=0 remaining=0
[03:41:31.522] ProcessHit projId=0 target=Super Dummy damage=32 isKill=False hasIncandescent=False
[03:41:34.836] PerkProj.OnSpawn projId=0 type=1022 source=EntitySource_ItemUse_WithAmmo weapon=Eyasluna hasRightChoice=False isRightChoiceShot=False hasEyesUp=False isEyesUpShot=False isEyesUpRicochet=False chainId=0 remaining=0
[03:41:34.837] ProcessHit projId=0 target=Super Dummy damage=32 isKill=False hasIncandescent=False
[03:41:36.037] PerkProj.OnSpawn projId=0 type=1022 source=EntitySource_ItemUse_WithAmmo weapon=Eyasluna hasRightChoice=False isRightChoiceShot=False hasEyesUp=False isEyesUpShot=False isEyesUpRicochet=False chainId=0 remaining=0
[03:41:36.037] ProcessHit projId=0 target=Super Dummy damage=32 isKill=False hasIncandescent=False
[03:41:37.570] PerkProj.OnSpawn projId=0 type=1022 source=EntitySource_ItemUse_WithAmmo weapon=Eyasluna hasRightChoice=False isRightChoiceShot=False hasEyesUp=False isEyesUpShot=False isEyesUpRicochet=False chainId=0 remaining=0
[03:41:37.571] ProcessHit projId=0 target=Super Dummy damage=32 isKill=False hasIncandescent=False
[03:41:39.055] PerkProj.OnSpawn projId=0 type=1022 source=EntitySource_ItemUse_WithAmmo weapon=Eyasluna hasRightChoice=False isRightChoiceShot=False hasEyesUp=False isEyesUpShot=False isEyesUpRicochet=False chainId=0 remaining=0
[03:41:39.056] ProcessHit projId=0 target=Super Dummy damage=32 isKill=False hasIncandescent=False
[03:41:40.739] PerkProj.OnSpawn projId=0 type=1022 source=EntitySource_ItemUse_WithAmmo weapon=Eyasluna hasRightChoice=False isRightChoiceShot=False hasEyesUp=False isEyesUpShot=False isEyesUpRicochet=False chainId=0 remaining=0
[03:41:40.740] ProcessHit projId=0 target=Super Dummy damage=36 isKill=False hasIncandescent=False
[03:41:41.473] PerkProj.OnSpawn projId=0 type=1022 source=EntitySource_ItemUse_WithAmmo weapon=Eyasluna hasRightChoice=False isRightChoiceShot=False hasEyesUp=False isEyesUpShot=False isEyesUpRicochet=False chainId=0 remaining=0
[03:41:41.474] ProcessHit projId=0 target=Super Dummy damage=36 isKill=False hasIncandescent=False
[03:41:42.170] PerkProj.OnSpawn projId=0 type=1022 source=EntitySource_ItemUse_WithAmmo weapon=Eyasluna hasRightChoice=False isRightChoiceShot=False hasEyesUp=False isEyesUpShot=False isEyesUpRicochet=False chainId=0 remaining=0
[03:41:42.171] ProcessHit projId=0 target=Super Dummy damage=36 isKill=False hasIncandescent=False
[03:41:42.836] PerkProj.OnSpawn projId=0 type=1022 source=EntitySource_ItemUse_WithAmmo weapon=Eyasluna hasRightChoice=False isRightChoiceShot=False hasEyesUp=False isEyesUpShot=False isEyesUpRicochet=False chainId=0 remaining=0
[03:41:42.837] ProcessHit projId=0 target=Super Dummy damage=36 isKill=False hasIncandescent=False
[03:41:43.486] PerkProj.OnSpawn projId=0 type=1022 source=EntitySource_ItemUse_WithAmmo weapon=Eyasluna hasRightChoice=False isRightChoiceShot=False hasEyesUp=False isEyesUpShot=False isEyesUpRicochet=False chainId=0 remaining=0
[03:41:43.486] ProcessHit projId=0 target=Super Dummy damage=36 isKill=False hasIncandescent=False
[03:41:44.073] PerkProj.OnSpawn projId=0 type=1022 source=EntitySource_ItemUse_WithAmmo weapon=Eyasluna hasRightChoice=False isRightChoiceShot=False hasEyesUp=False isEyesUpShot=False isEyesUpRicochet=False chainId=0 remaining=0
[03:41:44.074] ProcessHit projId=0 target=Super Dummy damage=36 isKill=False hasIncandescent=False
[03:41:44.606] PerkProj.OnSpawn projId=0 type=1022 source=EntitySource_ItemUse_WithAmmo weapon=Eyasluna hasRightChoice=False isRightChoiceShot=False hasEyesUp=False isEyesUpShot=False isEyesUpRicochet=False chainId=0 remaining=0
[03:41:44.607] ProcessHit projId=0 target=Super Dummy damage=73 isKill=False hasIncandescent=False
[03:41:45.121] PerkProj.OnSpawn projId=0 type=1022 source=EntitySource_ItemUse_WithAmmo weapon=Eyasluna hasRightChoice=False isRightChoiceShot=False hasEyesUp=False isEyesUpShot=False isEyesUpRicochet=False chainId=0 remaining=0
[03:41:45.122] ProcessHit projId=0 target=Super Dummy damage=36 isKill=False hasIncandescent=False
---- Diagnostic Log Start 2026-02-04 03:41:58 ----
---- Diagnostic Log Start 2026-02-04 03:44:35 ----
---- Diagnostic Log Start 2026-02-04 03:45:03 ----
---- Diagnostic Log Start 2026-02-04 03:48:34 ----
---- Diagnostic Log Start 2026-02-04 03:48:48 ----
[03:49:07.234] EyesUp TryConsume failed: stacks=0
---- Diagnostic Log Start 2026-02-04 03:50:02 ----
